david

Level 1 of the Dungeon
(0, 0, D:1)
  a dagger
(6, -12, D:1)
  26 stones
(7, -22, D:1)
  a chain mail
(10, -5, D:1)
  9 stones
(13, -4, D:1)
  a +0 dagger
(15, 4, D:1)
  a leather armour
(17, -24, D:1)
  a dagger
  a stone
(18, 2, D:1)
  23 bolts
(19, -17, D:1)
  23 arrows
(19, 6, D:1)
  2 stones
(21, -24, D:1)
  a stone
(21, -22, D:1)
  a robe
(32, 1, D:1)
  14 arrows
(35, 3, D:1)
  10 stones
(38, -5, D:1)
  a club
(38, -4, D:1)
  18 arrows
(38, 8, D:1)
  15 stones

Level 2 of the Dungeon
(0, 0, D:2)
  a whip
(0, 10, D:2)
  a robe
(5, -3, D:2)
  a hunting sling
  4 sling bullets
(5, 6, D:2)
  3 stones
(5, 10, D:2)
  a whip
  a stone
(6, -6, D:2)
  a sling bullet
(6, 5, D:2)
  a stone
(7, -11, D:2)
  2 stones
(7, -9, D:2)
  a sling bullet
(8, -10, D:2)
  a sling bullet
(10, -8, D:2)
  a stone
(12, -6, D:2)
  2 stones
(14, -11, D:2)
  a rat corpse
(15, -20, D:2)
  a chain mail
(18, 3, D:2)
  a dagger
(19, -7, D:2)
  a hobgoblin skeleton
(19, -6, D:2)
  a rat skeleton
(25, -10, D:2)
  a leather armour
(29, 5, D:2)
  10 stones
(37, -16, D:2)
  a club
  a hobgoblin corpse
(37, -6, D:2)
  a rat corpse
(40, -18, D:2)
  a kobold corpse
(43, -16, D:2)
  a chain mail

