innerpeace

Level 1 of the Dungeon
(3, -34, D:1)
  18 sling bullets
(9, -22, D:1)
  a robe
(12, -23, D:1)
  a ring mail
(12, -11, D:1)
  a whip
(14, 9, D:1)
  a club
(16, -31, D:1)
  30 stones
(18, -17, D:1)
  15 poisoned needles
(19, -33, D:1)
  16 stones
(19, 10, D:1)
  a club
(21, -10, D:1)
  22 arrows
(25, -31, D:1)
  a stone
(31, -31, D:1)
  3 stones
(37, -20, D:1)
  a leather armour
(40, -24, D:1)
  18 stones
(41, -20, D:1)
  a club
(41, -16, D:1)
  a dagger
(41, -15, D:1)
  a club
(42, -19, D:1)
  a dagger
  a shield
(42, -17, D:1)
  a club

Level 2 of the Dungeon
(0, 0, D:2)
  21 arrows
(8, -3, D:2)
  a hunting sling
(12, 7, D:2)
  24 stones
(19, -4, D:2)
  a club
(22, 27, D:2)
  a short sword
(27, 38, D:2)
  a ring mail
(29, 12, D:2)
  18 poisoned needles
(36, -7, D:2)
  15 stones
(36, 24, D:2)
  a hunting sling
(36, 33, D:2)
  a club
(38, 4, D:2)
  a club
(39, 26, D:2)
  27 sling bullets
(39, 30, D:2)
  a robe
(41, 8, D:2)
  a hunting sling of freezing
  an uncursed dagger
  25 stones
(41, 26, D:2)
  3 stones
(42, 8, D:2)
  a hunting sling
  13 stones
(42, 10, D:2)
  a club
  a club
  a club
(42, 12, D:2)
  a club
(42, 14, D:2)
  a club
(42, 15, D:2)
  2 stones
(49, 10, D:2)
  12 poisoned needles
(56, 2, D:2)
  a club
(57, -9, D:2)
  a whip
(60, -4, D:2)
  a hand axe
(60, -3, D:2)
  a mace
  an animal skin
  a helmet

Level 3 of the Dungeon
(0, 0, D:3)
  a spear
(1, -27, D:3)
  a dagger
(6, -1, D:3)
  21 sling bullets
(18, 10, D:3)
  a +1 short sword of speed
  a +0 hand axe of chopping
(18, 12, D:3)
  a mace
  a leather armour
  a flail
  a falchion
  a falchion
  a leather armour
(18, 13, D:3)
  a flail
  a leather armour
(19, 14, D:3)
  a club
(22, -22, D:3)
  a quarterstaff
(25, -11, D:3)
  a dagger
(29, -24, D:3)
  a trident
(34, -8, D:3)
  15 stones

Level 4 of the Dungeon
(0, 0, D:4)
  a war axe of venom
(1, -33, D:4)
  a flail
(2, -35, D:4)
  a flail
  a flail
(4, -16, D:4)
  a robe
(15, -29, D:4)
  20 stones
(19, -4, D:4)
  a ring mail
(21, -6, D:4)
  a club
  a leather armour
(22, -1, D:4)
  a leather armour
(23, -6, D:4)
  a club
  a ring mail
(24, -5, D:4)
  a hand axe
(27, -6, D:4)
  a whip
  a club
  a ring mail
(28, -31, D:4)
  a giant spiked club
(31, -3, D:4)
  a halberd
(32, -3, D:4)
  a halberd
(37, -24, D:4)
  a long sword
(37, 8, D:4)
  20 poisoned needles

Level 5 of the Dungeon
(0, 0, D:5)
  a shortbow
  24 arrows
(0, 4, D:5)
  5 arrows
(2, -2, D:5)
  20 arrows
(11, -25, D:5)
  15 bolts
(15, -2, D:5)
  18 sling bullets
(28, -44, D:5)
  a chain mail
(30, -45, D:5)
  a trident
(32, -44, D:5)
  a short sword
  2 tomahawks
(34, -44, D:5)
  a club
(37, -44, D:5)
  15 stones
(38, -44, D:5)
  a hand axe
(48, -28, D:5)
  a war axe
(49, -26, D:5)
  2 arrows
(50, -28, D:5)
  an uncursed shortbow
  22 arrows
(50, -25, D:5)
  2 arrows
(50, -8, D:5)
  a shortbow
  12 arrows
(50, -2, D:5)
  6 arrows
(50, -1, D:5)
  an arrow
(54, 4, D:5)
  22 stones
(57, -28, D:5)
  3 scrolls of random uselessness

Level 6 of the Dungeon
(0, 0, D:6)
  16 bolts
(6, 3, D:6)
  a dagger
  a robe
(9, 7, D:6)
  20 bolts
(11, -5, D:6)
  a leather armour
  an orc corpse
(11, -2, D:6)
  a whip
  a ring mail
  an orc corpse (skeletalised by now)
(13, -2, D:6)
  a war axe
(14, -6, D:6)
  a falchion
  (unseen)
(20, 3, D:6)
  a scroll labeled JAKLAY VYERI

