quit

Level 1 of the Dungeon
(0, 0, D:1)
  18 stones
(1, -30, D:1)
  a stone
(1, -29, D:1)
  a stone
(1, -28, D:1)
  a stone
(2, -1, D:1)
  22 sling bullets
(8, -27, D:1)
  a +0 scale mail
(15, -35, D:1)
  a +0 whip
(15, 2, D:1)
  a +0 dagger
(26, -25, D:1)
  a +0 robe
(28, -36, D:1)
  a stone
(28, -20, D:1)
  a +0 club
(30, -35, D:1)
  a +0 short sword
  3 stones
(32, 2, D:1)
  a cursed -3 club
(33, -37, D:1)
  a +0 hunting sling
(38, 9, D:1)
  a +0 spear
(39, 9, D:1)
  a +0 club
  4 stones
(45, 4, D:1)
  19 sling bullets

Level 2 of the Dungeon
(4, -34, D:2)
  3 stones
(18, 14, D:2)
  a +0 club
(24, 13, D:2)
  a +0 short sword
(34, -7, D:2)
  12 bolts
(42, -2, D:2)
  a +1 antimagic short sword
  a +0 club
(43, 4, D:2)
  a +0 club
(46, -28, D:2)
  20 stones
(47, 14, D:2)
  a +0 club
(58, -3, D:2)
  a +0 dagger

Level 3 of the Dungeon
(0, 0, D:3)
  29 stones
(1, -30, D:3)
  a +0 club
(4, -37, D:3)
  a +0 club
(4, -29, D:3)
  a +0 dagger
(5, -16, D:3)
  a +0 mace
(6, -40, D:3)
  a +0 short sword
(6, -10, D:3)
  a +0 dagger
(6, -7, D:3)
  a +0 club
(7, -13, D:3)
  a throwing net
(11, -16, D:3)
  a +0 hand axe
(14, -17, D:3)
  13 bolts
(21, -21, D:3)
  a +0 spear
(24, -19, D:3)
  a +0 club
  a +0 ring mail
(24, -18, D:3)
  a cursed +0 leather armour
  a +0 falchion
  a +0 ring mail
(27, -35, D:3)
  a +0 club
(30, -31, D:3)
  2 javelins
(32, -8, D:3)
  19 poisoned needles
(44, -11, D:3)
  a +0 long sword
(45, -47, D:3)
  a +0 dagger
(46, -49, D:3)
  a +0 ring mail

Level 4 of the Dungeon
(0, 0, D:4)
  a +0 dagger
  a +0 robe
(1, -1, D:4)
  a +0 trident
  a +0 leather armour
  an orc corpse (skeletalised by now)
(3, -12, D:4)
  11 stones
(3, -1, D:4)
  a +0 war axe
(20, -28, D:4)
  a +0 ring mail
(24, -7, D:4)
  a +0 leather armour
(26, -7, D:4)
  a +0 dagger
  a +0 robe
  a +0 ring mail
  a +0 dagger
(29, -4, D:4)
  a +0 robe
  a +0 dagger
(32, -2, D:4)
  a +0 robe
  a +0 dagger
(34, -2, D:4)
  a +0 robe
  a +0 dagger
(39, 2, D:4)
  19 sling bullets
(42, -18, D:4)
  a +0 leather armour
(45, 2, D:4)
  a +0 hand axe
(46, 3, D:4)
  a +0 club

Level 5 of the Dungeon
(0, 0, D:5)
  a +0 whip
(8, 10, D:5)
  an arrow
(10, -6, D:5)
  18 arrows
(12, 13, D:5)
  3 arrows
(14, 12, D:5)
  an arrow
(14, 14, D:5)
  a scroll of fog

