ok

Level 1 of the Dungeon
(0, 0, D:1)
  a +0 dagger
(2, 30, D:1)
  a +0 dagger
(4, 17, D:1)
  a +0 club
(5, 31, D:1)
  a +0 club
(7, 11, D:1)
  24 sling bullets
(8, -3, D:1)
  a +0 chain mail
(9, 0, D:1)
  a +0 robe
(10, 18, D:1)
  a +0 spear
(16, 30, D:1)
  a +0 hand axe
(24, 38, D:1)
  a +0 short sword

Level 2 of the Dungeon
(0, 0, D:2)
  a +0 robe
(1, -1, D:2)
  a +0 club
(1, 0, D:2)
  a +0 dagger
(3, -3, D:2)
  a +0 club
(7, 16, D:2)
  a +0 dagger
(9, 16, D:2)
  a throwing net
(10, 16, D:2)
  a throwing net
(11, 7, D:2)
  a +0 robe
  a +0 club
(12, 2, D:2)
  13 stones
  a +0 hunting sling
  a cursed -3 club
(12, 21, D:2)
  a +0 short sword
(16, 9, D:2)
  a +0 whip
(17, 8, D:2)
  a +0 halberd
  a +0 robe
(24, 2, D:2)
  a +0 whip
(28, 4, D:2)
  a +0 war axe
(45, -3, D:2)
  a +0 ring mail
(46, 12, D:2)
  a book of Flames
(46, 19, D:2)
  21 stones

Level 3 of the Dungeon
(0, 0, D:3)
  a +0 club
(9, 11, D:3)
  a +0 club
(12, 24, D:3)
  a +0 hand axe
(14, 26, D:3)
  a +0 war axe
(19, 28, D:3)
  a +0 hand axe
(27, 7, D:3)
  a cursed -3 club
(29, 23, D:3)
  a +0 dagger
  a cursed -2 leather armour
(30, 23, D:3)
  a +0 scale mail
(34, 22, D:3)
  a +0 trident
  a +0 robe
(37, 25, D:3)
  a cursed -2 spear
(38, 10, D:3)
  a +0 club
(46, 2, D:3)
  a +0 short sword

Level 4 of the Dungeon
(0, 0, D:4)
  a +0 robe (still there?)
  a +0 robe (still there?)
  a +0 club (still there?)
(0, 8, D:4)
  a ration

an ossuary
(0, 0, Ossuary)
  a potion of curing
(0, 4, Ossuary)
  6 gold pieces
(0, 5, Ossuary)
  17 gold pieces
(0, 6, Ossuary)
  14 gold pieces
(1, -1, Ossuary)
  a scroll of fog
(1, 0, Ossuary)
  2 potions of agility
(1, 1, Ossuary)
  a scroll of enchant weapon
(1, 2, Ossuary)
  9 gold pieces
(1, 3, Ossuary)
  16 gold pieces
(1, 4, Ossuary)
  13 gold pieces
(2, 0, Ossuary)
  11 gold pieces
(2, 1, Ossuary)
  16 gold pieces
(2, 2, Ossuary)
  14 gold pieces

