innerpeace

Level 1 of the Dungeon
(0, 0, D:1)
  a +0 mace
(0, 5, D:1)
  a rat corpse (skeletalised by now)
(1, 3, D:1)
  a +0 club
  a kobold corpse (skeletalised by now)
(9, -21, D:1)
  a ration
(14, 3, D:1)
  a +0 club
(14, 5, D:1)
  a +0 club
(17, 13, D:1)
  a bat corpse (skeletalised by now)
(18, -12, D:1)
  a sling bullet
(19, -7, D:1)
  22 arrows
(27, 5, D:1)
  a +0 shield
(30, -15, D:1)
  a scroll of remove curse

Level 2 of the Dungeon
(0, 0, D:2)
  a +0 dagger
  a kobold skeleton
(2, 4, D:2)
  a kobold skeleton
(3, 2, D:2)
  a cursed -3 club
  a goblin skeleton
(23, -6, D:2)
  16 stones
(23, -3, D:2)
  an adder corpse
  a worm corpse
(28, -5, D:2)
  a sling bullet
(28, -4, D:2)
  a sling bullet
(30, -6, D:2)
  a sling bullet
(32, -8, D:2)
  a sling bullet

