david

Level 1 of the Dungeon
(0, 0, D:1)
  a +0 chain mail
(12, 33, D:1)
  a stone
(14, 31, D:1)
  a stone
(23, 26, D:1)
  a +0 club
(24, 10, D:1)
  a +0 short sword
(25, 24, D:1)
  a +0 club
(28, 25, D:1)
  a +0 club
  a +0 club
(29, 25, D:1)
  a stone
(30, 25, D:1)
  a stone
(31, 26, D:1)
  a cursed +0 short sword
(34, 23, D:1)
  a +0 hand axe
(41, 10, D:1)
  25 stones
(42, 12, D:1)
  a +0 mace
(46, 14, D:1)
  a +0 club
(47, 16, D:1)
  a +0 club
(49, 7, D:1)
  17 bolts
(52, 12, D:1)
  8 stones
  a +0 club
(54, 20, D:1)
  a +0 short sword
(60, 12, D:1)
  20 stones

Level 2 of the Dungeon
(0, 0, D:2)
  a +0 robe
(3, 6, D:2)
  26 sling bullets
(6, 22, D:2)
  a +0 hunting sling
  19 stones
  a goblin corpse (skeletalised by now)
(7, 15, D:2)
  a stone
(7, 16, D:2)
  a stone
(10, 8, D:2)
  a leopard gecko corpse (skeletalised by now)
(12, 4, D:2)
  21 poisoned needles
(12, 12, D:2)
  a bat corpse (skeletalised by now)
(23, 8, D:2)
  a +0 leather armour
  a +0 club
(32, 5, D:2)
  a +0 scale mail
(40, 19, D:2)
  a +0 dagger of venom
(40, 21, D:2)
  a +0 leather armour
(44, 12, D:2)
  a +0 club
(47, 12, D:2)
  a +0 ring mail
(48, 2, D:2)
  a +0 mace
(48, 33, D:2)
  a +0 club

Level 3 of the Dungeon
(0, 0, D:3)
  a +0 hand axe
(1, -2, D:3)
  a +0 club
  a frilled lizard skeleton
(2, -29, D:3)
  a +0 mace
(12, -23, D:3)
  16 stones
(14, -22, D:3)
  a dart slug corpse
(17, -10, D:3)
  a +0 leather armour

