quit

Level 1 of the Dungeon
(0, 0, D:1)
  a +0 leather armour
(3, -2, D:1)
  a +0 dagger
(9, 2, D:1)
  a stone
(11, 1, D:1)
  2 stones
(11, 8, D:1)
  2 sling bullets
(17, -8, D:1)
  a cursed -3 dagger
(22, -10, D:1)
  a +0 dagger
(23, 35, D:1)
  a +1 antimagic whip
  a stone
(23, 40, D:1)
  2 stones
(23, 42, D:1)
  a stone
(32, -4, D:1)
  a +0 club
(45, 31, D:1)
  a +0 club
(48, 23, D:1)
  10 stones
(50, 21, D:1)
  a +0 ring mail
(51, 25, D:1)
  a +0 ring mail
(53, 16, D:1)
  2 stones
(57, 28, D:1)
  a +0 whip

Level 2 of the Dungeon
(0, 0, D:2)
  a +0 dagger
(0, 18, D:2)
  a +0 club
(0, 22, D:2)
  a +0 robe
(6, 10, D:2)
  a +0 mace
(10, -8, D:2)
  a +0 hunting sling
  18 stones
(13, -8, D:2)
  a stone
(24, 20, D:2)
  a +0 robe
(25, 1, D:2)
  a cursed -2 robe
(28, -9, D:2)
  a +0 club
  a +0 hunting sling
  19 stones
(42, 27, D:2)
  a +0 ring mail
(44, 25, D:2)
  a cursed -2 club

Level 3 of the Dungeon
(0, 0, D:3)
  a +3 blowgun
  10 poisoned needles
(1, -3, D:3)
  a quokka skeleton
(2, -2, D:3)
  a poisoned needle
(4, -1, D:3)
  a chunk of flesh
(5, -1, D:3)
  a +0 dagger
  (unseen)
(5, 0, D:3)
  a scroll of remove curse
(5, 4, D:3)
  a +0 blowgun

