ok

Level 1 of the Dungeon
(0, 0, D:1)
  a +0 club
(2, 0, D:1)
  a +0 ring mail
(13, 14, D:1)
  a +0 club
(24, 2, D:1)
  a +0 leather armour
(34, -4, D:1)
  30 stones
(42, -16, D:1)
  a +0 mace
(44, -23, D:1)
  a +0 whip
(44, -5, D:1)
  21 stones

Level 2 of the Dungeon
(0, 0, D:2)
  a +0 robe
  a +0 short sword
(3, -38, D:2)
  21 arrows
(9, -41, D:2)
  a +0 club
(13, -25, D:2)
  a +0 club
(15, -36, D:2)
  a +0 club
(25, -35, D:2)
  a +0 ring mail
(26, -38, D:2)
  a +0 dagger
(32, -38, D:2)
  a +0 ring mail
(32, -37, D:2)
  a +0 war axe
(46, -41, D:2)
  17 bolts
(60, 5, D:2)
  a +0 leather armour

Level 3 of the Dungeon
(0, 0, D:3)
  a +0 mace
(1, -1, D:3)
  a kobold corpse (skeletalised by now)
(1, 14, D:3)
  2 stones
(3, 17, D:3)
  a stone
(3, 18, D:3)
  2 stones
(3, 19, D:3)
  a stone
(4, 18, D:3)
  a stone
(5, 18, D:3)
  a stone
(7, 18, D:3)
  a stone
  (unseen)
(8, 9, D:3)
  a giant cockroach corpse
(8, 10, D:3)
  20 bolts
(11, 2, D:3)
  17 gold pieces
  (unseen)
(12, 18, D:3)
  a stone
(16, 3, D:3)
  a +0 club
(24, 16, D:3)
  16 gold pieces
(30, 4, D:3)
  21 bolts

