im bad at dcss

Level 1 of the Dungeon
(0, 1, D:1)
  24 stones
(3, -13, D:1)
  a +0 dagger
(26, 14, D:1)
  a +0 naga barding
(28, 11, D:1)
  a +0 dagger
(33, -12, D:1)
  a +0 leather armour
(36, 1, D:1)
  a +0 dagger
(37, 24, D:1)
  10 stones
(38, 19, D:1)
  a cursed -3 club

Level 2 of the Dungeon
(0, 0, D:2)
  a +0 leather armour
(12, -3, D:2)
  a cursed -3 dagger
(13, -12, D:2)
  a +0 mace
(19, 8, D:2)
  a +0 mace
(21, -3, D:2)
  19 arrows
(26, -3, D:2)
  a +0 club
(28, 2, D:2)
  a +0 hand axe
  a +0 leather armour
(29, -31, D:2)
  a +0 dagger
(29, 13, D:2)
  a +0 club
(31, 20, D:2)
  a kobold corpse
(33, -18, D:2)
  a +0 club
(44, -10, D:2)
  21 stones
(45, -10, D:2)
  a +0 robe

Level 3 of the Dungeon
(0, 0, D:3)
  a bat corpse

