am5k

Level 1 of the Dungeon
(1, 15, D:1)
  17 stones
(2, -10, D:1)
  23 bolts
(7, 4, D:1)
  20 bolts
(23, 18, D:1)
  21 sling bullets
(29, 6, D:1)
  13 stones
(31, -25, D:1)
  4 tomahawks
(36, -20, D:1)
  a cursed -1 robe
(42, -3, D:1)
  a +0 mace
(45, -21, D:1)
  a +0 short sword

Level 2 of the Dungeon
(6, 9, D:2)
  15 sling bullets
(7, 6, D:2)
  a +0 whip
  4 stones
(7, 13, D:2)
  a stone
(9, 12, D:2)
  2 stones
(9, 13, D:2)
  3 stones
(17, 5, D:2)
  19 bolts
(21, 22, D:2)
  a +0 short sword
(21, 26, D:2)
  20 stones
(22, 24, D:2)
  a stone
(22, 25, D:2)
  a stone
(23, 22, D:2)
  a stone
(23, 24, D:2)
  a stone
(23, 26, D:2)
  a stone
(25, 26, D:2)
  a stone

Level 3 of the Dungeon
(0, 0, D:3)
  a leopard gecko corpse
(0, 1, D:3)
  a +0 club
(9, -13, D:3)
  15 gold pieces
(10, -10, D:3)
  a kobold corpse
(10, -4, D:3)
  a +0 blowgun
  10 poisoned needles
(10, -2, D:3)
  3 poisoned needles
(13, -14, D:3)
  a potion of haste

