innerpeace

Level 1 of the Dungeon
(0, 0, D:1)
  a +0 whip
(5, -9, D:1)
  a +0 chain mail
(13, -7, D:1)
  a +0 ring mail
(17, 8, D:1)
  a +0 club
(30, 29, D:1)
  2 large rocks
(31, 34, D:1)
  25 bolts
(37, -5, D:1)
  a +0 club
(39, 21, D:1)
  a +0 short sword
(40, 29, D:1)
  17 stones
(42, 24, D:1)
  a +0 dagger
(49, 23, D:1)
  21 stones
(56, 19, D:1)
  a +0 club
(56, 21, D:1)
  a +0 club
  30 sling bullets
(56, 24, D:1)
  a +0 leather armour
(59, 8, D:1)
  7 tomahawks
(59, 16, D:1)
  a +0 leather armour

Level 2 of the Dungeon
(0, 0, D:2)
  a +0 helmet
(5, -4, D:2)
  20 arrows
(6, -7, D:2)
  a +0 whip
(9, -20, D:2)
  a +0 club
(9, -19, D:2)
  a cursed -1 club
(18, 1, D:2)
  a +0 dagger
(25, 21, D:2)
  a cursed -3 short sword
(26, -35, D:2)
  a +0 dagger
(30, 0, D:2)
  a +0 club
(35, -5, D:2)
  a +0 club
(35, 22, D:2)
  a +0 robe
(39, -8, D:2)
  a +0 mace
(45, -13, D:2)
  a +0 dagger
(49, -10, D:2)
  a +0 club
  a +0 robe

Level 3 of the Dungeon
(0, 0, D:3)
  3 arrows
(7, 24, D:3)
  5 javelins
(13, 24, D:3)
  a +0 short sword
(14, 24, D:3)
  a +0 falchion
  a +0 leather armour
  a cursed -1 club
(15, 7, D:3)
  a +0 leather armour
(15, 24, D:3)
  a +0 hand axe
  3 tomahawks
(18, 3, D:3)
  a rat corpse (skeletalised by now)
(19, -28, D:3)
  a rat corpse
(21, 19, D:3)
  a +0 hand axe
  a +0 leather armour
(26, -35, D:3)
  17 sling bullets
(26, 24, D:3)
  a +0 club
  a +0 scale mail
(31, -12, D:3)
  a potion of heal wounds
(32, 8, D:3)
  a stone
(36, -10, D:3)
  a jackal corpse (skeletalised by now)
(39, -17, D:3)
  a +0 club
  a hobgoblin corpse (skeletalised by now)
(39, 7, D:3)
  a +0 hunting sling
  a +0 dagger
  13 stones
(44, -15, D:3)
  a +0 quarterstaff
(44, 13, D:3)
  a +0 club

