im bad at dcss

Level 1 of the Dungeon
(0, 0, D:1)
  16 sling bullets
(1, 21, D:1)
  a +0 club
(7, 21, D:1)
  2 stones
(9, 14, D:1)
  16 sling bullets
(12, 6, D:1)
  24 arrows
(15, 19, D:1)
  20 stones
(32, 2, D:1)
  a +0 dagger

Level 2 of the Dungeon
(0, 0, D:2)
  a rat corpse (skeletalised by now)
(10, 6, D:2)
  a quokka corpse (skeletalised by now)
(19, 35, D:2)
  a throwing net
(20, 35, D:2)
  a +0 club
  a hobgoblin corpse
(21, 18, D:2)
  a +1 chain mail of cold resistance
(22, 21, D:2)
  a +0 whip
(34, 28, D:2)
  18 stones
(34, 35, D:2)
  20 sling bullets
(37, 19, D:2)
  a hobgoblin corpse (skeletalised by now)
(39, 44, D:2)
  a +0 ring mail
(42, 9, D:2)
  a +0 dagger
  a goblin corpse (skeletalised by now)
(48, 38, D:2)
  a +0 dagger

