innerpeace

Level 1 of the Dungeon
(0, 0, D:1)
  a cursed +0 club
(6, 22, D:1)
  11 stones
(6, 23, D:1)
  a +0 ring mail
(17, 24, D:1)
  a +0 ring mail
(34, 31, D:1)
  5 javelins
(35, 31, D:1)
  a +0 leather armour
(39, 36, D:1)
  a +0 chain mail
(50, 31, D:1)
  a +0 club
(51, 9, D:1)
  a +0 scale mail
(53, 12, D:1)
  a +0 robe
(54, 33, D:1)
  a +0 club
(57, -1, D:1)
  a +0 club
(58, 3, D:1)
  a +0 ring mail

Level 2 of the Dungeon
(0, 0, D:2)
  a +0 club
  a kobold corpse (skeletalised by now)
(2, -17, D:2)
  3 stones
(2, -10, D:2)
  a stone
(5, -37, D:2)
  21 bolts
(9, -14, D:2)
  an adder skeleton
(9, -10, D:2)
  a +0 club
  a goblin skeleton
(18, -17, D:2)
  a +0 ring mail
(19, -34, D:2)
  a kobold corpse
(28, 2, D:2)
  a stone
(31, 0, D:2)
  a +0 club
  34 stones
  a +0 club
(32, -8, D:2)
  a +0 club
(34, -3, D:2)
  2 stones

