quit

Level 1 of the Dungeon
(0, 0, D:1)
  a +0 club
(5, 19, D:1)
  8 arrows
(6, -6, D:1)
  26 sling bullets
(11, -3, D:1)
  a +0 hand axe
(17, 27, D:1)
  23 bolts
(21, 4, D:1)
  24 stones
(27, 40, D:1)
  17 stones
(30, 2, D:1)
  a +0 club
(33, 22, D:1)
  25 stones
(34, 20, D:1)
  a +0 dagger
(35, 14, D:1)
  9 arrows
(42, 25, D:1)
  a +0 whip
(43, 22, D:1)
  a +0 hand axe
(45, 26, D:1)
  a +0 spear
(45, 42, D:1)
  a +0 plate armour
(48, 38, D:1)
  a +0 club
(56, 37, D:1)
  a +0 club
(59, 36, D:1)
  3 javelins

Level 2 of the Dungeon
(11, -33, D:2)
  17 stones
(12, -25, D:2)
  a +0 dagger
(13, -27, D:2)
  a +0 club
(19, -6, D:2)
  a +0 dagger
(21, -6, D:2)
  a stone
(25, -30, D:2)
  a stone
(25, -6, D:2)
  a stone
(26, -34, D:2)
  a +0 hunting sling
  12 stones
(26, -31, D:2)
  a +0 short sword
  2 stones
(26, -30, D:2)
  a stone
(26, -28, D:2)
  a stone
(27, -33, D:2)
  a stone
(44, -12, D:2)
  23 stones
(44, -5, D:2)
  15 poisoned needles

Level 3 of the Dungeon
(0, 0, D:3)
  a +0 dagger
(7, -37, D:3)
  a cursed -2 club
(7, -36, D:3)
  a +0 club
(46, 7, D:3)
  2 tomahawks

Level 4 of the Dungeon
(0, 0, D:4)
  a +0 hunting sling
(11, -10, D:4)
  a +0 dagger
(14, -5, D:4)
  26 stones
(18, -9, D:4)
  a scroll of random uselessness
(20, -5, D:4)
  a +0 robe
(24, -20, D:4)
  a +0 falchion
(25, 7, D:4)
  a +0 leather armour
  a +0 whip
(25, 16, D:4)
  18 stones
(32, 9, D:4)
  a +0 war axe
(34, 25, D:4)
  15 bolts
(40, -6, D:4)
  a cursed +0 ring mail
(40, -3, D:4)
  a +0 robe
(43, 8, D:4)
  14 poisoned needles
(44, -9, D:4)
  a +0 scimitar
(48, -16, D:4)
  an uncursed staff of death

Level 5 of the Dungeon
(0, 0, D:5)
  a +0 leather armour
(2, 1, D:5)
  8 curare-tipped needles
(11, -14, D:5)
  a scroll of random uselessness
(17, 4, D:5)
  2 tomahawks
(18, 4, D:5)
  a +0 scale mail
  a +0 chain mail
  a +0 dagger
  a +0 short sword
(19, 3, D:5)
  a +0 whip
  a tomahawk
  a +2 flail of draining
(19, 4, D:5)
  a +0 morningstar
(20, 7, D:5)
  a +0 dagger
(22, 5, D:5)
  a +0 ring mail
  a +0 hand axe
(29, -23, D:5)
  21 arrows
  a +0 shortbow
(29, -22, D:5)
  an arrow
(29, -18, D:5)
  4 arrows
(34, -14, D:5)
  a +0 trident
(36, -20, D:5)
  a +0 chain mail
(36, -1, D:5)
  a +0 giant club
(36, 12, D:5)
  a +0 whip
(37, 12, D:5)
  a +0 spear
(38, 9, D:5)
  a +0 flail
(40, 6, D:5)
  a throwing net

