innerpeace

Level 1 of the Dungeon
(0, 0, D:1)
  18 sling bullets
(6, 12, D:1)
  a +0 robe
(9, 11, D:1)
  a +0 ring mail
(9, 23, D:1)
  a +0 whip
(11, 43, D:1)
  a +0 club
(13, 3, D:1)
  30 stones
(15, 17, D:1)
  15 poisoned needles
(16, 1, D:1)
  16 stones
(16, 44, D:1)
  a +0 club
(18, 24, D:1)
  22 arrows
(22, 3, D:1)
  a stone
(28, 3, D:1)
  3 stones
(34, 14, D:1)
  a +0 leather armour
(37, 10, D:1)
  18 stones
(38, 14, D:1)
  a +0 club
(38, 18, D:1)
  a +0 dagger
(38, 19, D:1)
  a +0 club
(39, 15, D:1)
  a +0 dagger
  a +0 shield
(39, 17, D:1)
  a +0 club

Level 2 of the Dungeon
(0, 0, D:2)
  21 arrows
(8, -3, D:2)
  a +0 hunting sling
(12, 7, D:2)
  24 stones
(19, -4, D:2)
  a +0 club
(22, 27, D:2)
  a +0 short sword
(27, 38, D:2)
  a +0 ring mail
(29, 12, D:2)
  18 poisoned needles
(36, -7, D:2)
  15 stones
(36, 24, D:2)
  a +0 hunting sling
(36, 33, D:2)
  a +0 club
(38, 4, D:2)
  a +0 club
(39, 26, D:2)
  27 sling bullets
(39, 30, D:2)
  a +0 robe
(41, 8, D:2)
  a +0 hunting sling of freezing
  a +0 dagger
  25 stones
(41, 26, D:2)
  3 stones
(42, 8, D:2)
  a +0 hunting sling
  13 stones
(42, 10, D:2)
  a cursed -1 club
  a +0 club
  a +0 club
(42, 12, D:2)
  a +0 club
(42, 14, D:2)
  a +0 club
(42, 15, D:2)
  2 stones
(49, 10, D:2)
  12 poisoned needles
(56, 2, D:2)
  a +0 club
(57, -9, D:2)
  a +0 whip
(60, -4, D:2)
  a +0 hand axe
(60, -3, D:2)
  a +0 mace
  a +0 animal skin
  a +0 helmet

Level 3 of the Dungeon
(0, 0, D:3)
  a +0 spear
(1, -27, D:3)
  a +0 dagger
(6, -1, D:3)
  21 sling bullets
(18, 10, D:3)
  a +1 short sword of speed
  a +0 hand axe of chopping
(18, 12, D:3)
  a +0 mace
  a +0 leather armour
  a +0 flail
  a +0 falchion
  a +0 falchion
  a +0 leather armour
(18, 13, D:3)
  a +0 flail
  a +0 leather armour
(19, 14, D:3)
  a +0 club
(22, -22, D:3)
  a +0 quarterstaff
(25, -11, D:3)
  a +0 dagger
(29, -24, D:3)
  a +0 trident
(34, -8, D:3)
  15 stones

Level 4 of the Dungeon
(0, 0, D:4)
  a +0 war axe of venom
(1, -33, D:4)
  a +0 flail
(2, -35, D:4)
  a cursed +0 flail
  a cursed +0 flail
(4, -16, D:4)
  a +0 robe
(15, -29, D:4)
  20 stones
(19, -4, D:4)
  a +0 ring mail
(21, -6, D:4)
  a cursed +0 club
  a +0 leather armour
(22, -1, D:4)
  a +0 leather armour
(23, -6, D:4)
  a +0 club
  a +0 ring mail
(24, -5, D:4)
  a +0 hand axe
(27, -6, D:4)
  a +0 whip
  a +0 club
  a +0 ring mail
(28, -31, D:4)
  a +0 giant spiked club
(31, -3, D:4)
  a +0 halberd
(32, -3, D:4)
  a +0 halberd
(37, -24, D:4)
  a +0 long sword
(37, 8, D:4)
  20 poisoned needles

Level 5 of the Dungeon
(0, 0, D:5)
  a +0 shortbow
  24 arrows
(0, 4, D:5)
  5 arrows
(2, -2, D:5)
  20 arrows
(11, -25, D:5)
  15 bolts
(15, -2, D:5)
  18 sling bullets
(28, -44, D:5)
  a +0 chain mail
(30, -45, D:5)
  a +0 trident
(32, -44, D:5)
  a +0 short sword
  2 tomahawks
(34, -44, D:5)
  a +0 club
(37, -44, D:5)
  15 stones
(38, -44, D:5)
  a +0 hand axe
(48, -28, D:5)
  a +0 war axe
(49, -26, D:5)
  2 arrows
(50, -28, D:5)
  a +0 shortbow
  22 arrows
(50, -25, D:5)
  2 arrows
(50, -8, D:5)
  a +0 shortbow
  12 arrows
(50, -2, D:5)
  6 arrows
(50, -1, D:5)
  an arrow
(54, 4, D:5)
  22 stones
(57, -28, D:5)
  3 scrolls of random uselessness

Level 6 of the Dungeon
(0, 0, D:6)
  16 bolts
(6, -5, D:6)
  an arrow
(6, -4, D:6)
  an arrow
(6, 3, D:6)
  a +0 robe
  a +0 dagger
(9, 7, D:6)
  20 bolts
(11, -5, D:6)
  a cursed +0 leather armour
(11, -2, D:6)
  a +0 whip
  a +0 ring mail
(13, -2, D:6)
  a +0 war axe
(14, -6, D:6)
  a +0 falchion
  (unseen)
(20, 3, D:6)
  a scroll of acquirement

