im bad at dcss

Level 1 of the Dungeon
(0, 0, D:1)
  a +0 club
(10, 22, D:1)
  8 tomahawks
(16, 47, D:1)
  18 stones
(24, 16, D:1)
  19 stones
(33, 3, D:1)
  a +0 club

Level 2 of the Dungeon
(12, -31, D:2)
  13 poisoned needles
(15, -24, D:2)
  a ration
(18, -49, D:2)
  a +0 mace
(19, -35, D:2)
  a goblin skeleton
(20, -44, D:2)
  a +0 club
(20, -39, D:2)
  a +0 short sword
  a kobold corpse
(27, -38, D:2)
  a +0 hand axe
  a hobgoblin corpse
(29, -37, D:2)
  a +0 club
(33, -3, D:2)
  22 stones
(33, 6, D:2)
  20 stones
(35, -29, D:2)
  a +0 short sword
  a +0 scale mail
(48, -23, D:2)
  12 stones

