innerpeace

Level 1 of the Dungeon
(7, -43, D:1)
  a +0 whip
(8, -56, D:1)
  a +0 short sword
(18, 2, D:1)
  18 stones
(32, -25, D:1)
  20 stones
(37, -54, D:1)
  a +0 club
(37, -19, D:1)
  a +0 dagger
(42, -42, D:1)
  a +0 dagger
(42, -5, D:1)
  32 stones
(56, -60, D:1)
  12 poisoned needles

Level 2 of the Dungeon
(0, 0, D:2)
  a +0 flail
(4, -7, D:2)
  a +0 club
(4, -6, D:2)
  a -1 short sword
(8, 2, D:2)
  a +0 club
(10, 29, D:2)
  a cursed -1 club
(11, 13, D:2)
  4 large rocks
(11, 29, D:2)
  a +0 dagger
(31, 3, D:2)
  a +0 mace
(32, 2, D:2)
  a +0 flail
  (unseen)
(32, 4, D:2)
  a hobgoblin skeleton
(36, 13, D:2)
  a +0 club

Level 3 of the Dungeon
(0, 0, D:3)
  22 stones

