david

Level 1 of the Dungeon
(0, 0, D:1)
  11 arrows
(2, -3, D:1)
  a +0 robe
(5, -1, D:1)
  a +0 hand axe
(5, 0, D:1)
  21 bolts
(9, -26, D:1)
  a +0 club
(10, -32, D:1)
  a +0 dagger
(12, 2, D:1)
  a +0 dagger
(13, 1, D:1)
  a +0 club
(21, 3, D:1)
  20 sling bullets
(36, -4, D:1)
  a +0 whip
(41, -8, D:1)
  a cursed -3 dagger
(53, -45, D:1)
  a +0 hunting sling

Level 2 of the Dungeon
(0, 0, D:2)
  a +2 ring of protection
(3, -9, D:2)
  23 arrows
(4, 5, D:2)
  11 gold pieces
(5, 6, D:2)
  an adder corpse (skeletalised by now)
(14, 2, D:2)
  a +0 whip
(20, -20, D:2)
  a cursed +0 ring mail
(21, -19, D:2)
  a +0 club
  a jackal corpse (skeletalised by now)
(26, -16, D:2)
  a cursed -2 club
(30, 8, D:2)
  a stone
(31, 1, D:2)
  2 potions of magic
(31, 6, D:2)
  a stone
(31, 7, D:2)
  a stone
(31, 8, D:2)
  a stone
(33, -13, D:2)
  20 sling bullets

