am5k

Level 1 of the Dungeon
(0, 0, D:1)
  a +0 short sword
(16, 10, D:1)
  28 arrows
(18, -29, D:1)
  24 stones
(27, -6, D:1)
  18 poisoned needles
(28, -28, D:1)
  a stone
(29, -19, D:1)
  a +0 club
(31, -21, D:1)
  27 stones
(39, -17, D:1)
  22 stones
(41, -21, D:1)
  7 stones
(41, -17, D:1)
  18 stones
(42, 10, D:1)
  a +0 club
(42, 16, D:1)
  a +0 leather armour
(43, 16, D:1)
  a stone
(47, 0, D:1)
  20 stones
(48, 10, D:1)
  12 stones
(54, -13, D:1)
  a +0 club

Level 2 of the Dungeon
(0, 0, D:2)
  a +0 plate armour
(0, 1, D:2)
  a cursed -2 club
(1, 25, D:2)
  a rat corpse (skeletalised by now)
(2, 20, D:2)
  a +0 scale mail
(3, 26, D:2)
  a +0 club
(4, 15, D:2)
  24 stones
(8, 14, D:2)
  a +0 ring mail
(12, 13, D:2)
  20 stones
(12, 20, D:2)
  10 gold pieces
(24, -6, D:2)
  a +0 whip
  a stone
  a kobold corpse (skeletalised by now)
(29, -6, D:2)
  a stone
(30, 0, D:2)
  a +1 helmet
(32, 0, D:2)
  a ball python corpse (skeletalised by now)
(35, -5, D:2)
  a rat corpse (skeletalised by now)

