quit

Level 1 of the Dungeon
(0, 0, D:1)
  a +0 club
(1, -2, D:1)
  a +0 robe
(1, 0, D:1)
  a +0 dagger
(3, 1, D:1)
  a +0 club
(4, -8, D:1)
  a +0 club
(5, -8, D:1)
  a +0 dagger
(15, 6, D:1)
  a +0 dagger
(16, 17, D:1)
  15 sling bullets
(17, 14, D:1)
  a +0 club
(19, -2, D:1)
  a +0 short sword
(21, -3, D:1)
  a +0 dagger
  3 stones
(25, 11, D:1)
  a +0 robe
(32, 24, D:1)
  a +0 club
(34, 38, D:1)
  a +0 club
(45, -8, D:1)
  a stone
(48, 7, D:1)
  18 stones

Level 2 of the Dungeon
(0, 0, D:2)
  a +0 short sword
(3, -20, D:2)
  2 stones
(3, -6, D:2)
  a stone
(4, -6, D:2)
  2 stones
(5, -23, D:2)
  15 stones
(11, -12, D:2)
  a +0 dagger
(12, -18, D:2)
  a +0 club
(15, -23, D:2)
  a +0 spear
  a +2 helmet
(16, -23, D:2)
  a cursed +0 dagger
  a +0 club
(17, -21, D:2)
  a +0 robe
  a +0 club
(19, 17, D:2)
  a +0 robe
(27, 18, D:2)
  a +0 short sword
(46, -10, D:2)
  a +0 ring mail
(46, 6, D:2)
  a +0 plate armour

Level 3 of the Dungeon
(0, 0, D:3)
  a +0 hand axe

