am5k

Level 1 of the Dungeon
(0, 0, D:1)
  15 stones
(5, -15, D:1)
  a +0 whip
(5, 4, D:1)
  20 poisoned needles
(18, 6, D:1)
  a +0 dagger
(24, -7, D:1)
  a +0 club
(26, -7, D:1)
  a +0 club
(30, 6, D:1)
  a +0 club
(31, -18, D:1)
  a +0 dagger
(33, 1, D:1)
  a stone
(34, -1, D:1)
  a stone
(35, -3, D:1)
  a +0 club
  a +0 short sword
(37, -14, D:1)
  a +0 short sword
(42, -12, D:1)
  2 stones
(42, -11, D:1)
  a stone
(44, -9, D:1)
  a +0 mace

Level 2 of the Dungeon
(0, 0, D:2)
  a +0 naga barding
(3, 37, D:2)
  a +2 short sword of draining
(4, 36, D:2)
  a +0 club
(7, 0, D:2)
  a +0 dagger
(7, 8, D:2)
  a +0 dagger
(8, 11, D:2)
  a +0 ring mail
(19, 35, D:2)
  a +0 short sword
  a stone
(23, 41, D:2)
  a +0 hunting sling
(37, 22, D:2)
  a potion of curing
(38, 11, D:2)
  a +0 club
  a hobgoblin skeleton
(48, 20, D:2)
  a stone
(48, 21, D:2)
  a +0 club
  a kobold corpse (skeletalised by now)
(49, 17, D:2)
  a throwing net

