im bad at dcss

Level 1 of the Dungeon
(0, 0, D:1)
  a +0 scale mail
(0, 7, D:1)
  9 bolts
(1, 18, D:1)
  2 tomahawks
(2, 6, D:1)
  a +0 scale mail
(2, 19, D:1)
  a +0 pair of boots
(3, 10, D:1)
  a +0 dagger
(7, 18, D:1)
  a stone
(8, 17, D:1)
  a stone
(8, 18, D:1)
  a stone
(10, 18, D:1)
  2 stones
(12, 18, D:1)
  a +0 whip
(20, -7, D:1)
  a +0 club
  a +0 club
  a stone
(22, -18, D:1)
  a +0 leather armour
(46, -12, D:1)
  18 stones
(46, 5, D:1)
  a +0 dagger
(54, 2, D:1)
  a +0 club
(58, 13, D:1)
  a +0 club
(60, 15, D:1)
  a +0 mace
(61, 12, D:1)
  a +0 dagger

Level 2 of the Dungeon
(0, 0, D:2)
  a +0 club
(4, 9, D:2)
  a +0 chain mail
(5, 1, D:2)
  a +0 whip
(12, 8, D:2)
  a +0 halberd
(14, 32, D:2)
  a +0 club
(16, 12, D:2)
  a +0 spear
(16, 30, D:2)
  a stone
(16, 39, D:2)
  5 sling bullets
(17, 31, D:2)
  a stone
(18, 15, D:2)
  12 stones
(18, 34, D:2)
  a +0 hunting sling
  a +0 club
  13 stones
(21, 2, D:2)
  5 needles of sleeping
(40, -3, D:2)
  11 arrows

Level 3 of the Dungeon
(6, 5, D:3)
  2 poisoned needles
(6, 13, D:3)
  a +0 chain mail
(9, 6, D:3)
  a +0 chain mail
(12, 10, D:3)
  a +0 dagger
(13, 9, D:3)
  a +0 short sword
  a +0 blowgun
  5 poisoned needles
(17, 15, D:3)
  a +0 mace
(25, 37, D:3)
  a +0 dagger
(26, -21, D:3)
  a +0 dagger
(27, -4, D:3)
  a +0 cloak
(28, 16, D:3)
  24 stones
(29, -21, D:3)
  a stone
(30, -20, D:3)
  a stone
(33, 12, D:3)
  a cursed -2 dagger
  a +0 blowgun
  11 poisoned needles
(33, 28, D:3)
  a +0 dagger
(50, -1, D:3)
  16 arrows
(55, 9, D:3)
  a +0 flail

Level 4 of the Dungeon
(0, 0, D:4)
  a +0 hand axe
  a +0 leather armour
(0, 12, D:4)
  21 arrows
(3, 6, D:4)
  12 sling bullets
(3, 14, D:4)
  a +0 robe
(11, 7, D:4)
  21 sling bullets
(14, 18, D:4)
  a +0 dagger
  a +0 robe
(15, 18, D:4)
  a +0 flail
  a +0 whip
  a +0 ring mail
  a +0 dagger
  a +0 robe
(16, 6, D:4)
  17 arrows
(19, -24, D:4)
  13 stones
(20, 10, D:4)
  27 stones
(23, -13, D:4)
  a +0 dagger
(24, -13, D:4)
  a +0 hand axe
(24, 8, D:4)
  a +0 leather armour
  a +0 robe
  a +0 flail
(24, 10, D:4)
  a +0 short sword
(28, 12, D:4)
  a +0 helmet
(29, -4, D:4)
  a +0 hand axe
(29, 12, D:4)
  a +0 flail
(34, 8, D:4)
  a +0 club
(36, -15, D:4)
  a +0 hunting sling
(37, 9, D:4)
  a +0 ring mail
(37, 10, D:4)
  a +0 club
  a +0 mace
(37, 11, D:4)
  a +0 dagger
(50, 10, D:4)
  a +0 leather armour
(66, -21, D:4)
  a +0 flail

Level 5 of the Dungeon
(0, 0, D:5)
  a +0 dagger
(8, -2, D:5)
  a +0 club
(8, 3, D:5)
  a hound corpse
(8, 4, D:5)
  a worker ant corpse

