quit

Level 1 of the Dungeon
(10, 6, D:1)
  a cursed -2 dagger
(13, -16, D:1)
  24 bolts
(16, -10, D:1)
  10 stones
(18, -22, D:1)
  a +0 spear
(19, 5, D:1)
  a +0 dagger
(25, 3, D:1)
  a +0 dagger
(26, 18, D:1)
  a +0 club
(28, -9, D:1)
  a +0 club
(31, 6, D:1)
  a +0 ring mail
(32, 6, D:1)
  25 sling bullets
(35, 21, D:1)
  a +0 dagger
(36, 15, D:1)
  16 stones
(37, -6, D:1)
  a +0 club
(39, -6, D:1)
  a +0 club
(41, -8, D:1)
  a cursed +0 scale mail

Level 2 of the Dungeon
(0, 0, D:2)
  a +0 dagger
(2, 21, D:2)
  19 sling bullets
(3, 16, D:2)
  a +2 shield
(12, -1, D:2)
  a +0 club
(14, 23, D:2)
  32 stones
(30, -10, D:2)
  a +0 club
(30, 25, D:2)
  9 poisoned needles
(33, -23, D:2)
  a +0 club
(36, -15, D:2)
  a +0 scale mail
(40, -4, D:2)
  a +0 club
(42, -18, D:2)
  28 stones
(42, -13, D:2)
  22 stones
(43, -18, D:2)
  17 stones
(47, -14, D:2)
  16 stones
(48, -25, D:2)
  a +0 dagger
(62, 5, D:2)
  a +0 robe

Level 3 of the Dungeon
(0, 0, D:3)
  23 arrows
(3, 27, D:3)
  a +0 robe
(14, 26, D:3)
  a +0 short sword
(18, 34, D:3)
  a +0 chain mail
(26, 14, D:3)
  a +0 quarterstaff
(27, 17, D:3)
  a +0 hunting sling
  19 stones
  a goblin skeleton
(27, 21, D:3)
  a stone
(29, 35, D:3)
  a leopard gecko skeleton

