innerpeace

Level 1 of the Dungeon
(0, 0, D:1)
  a +0 club
(5, 3, D:1)
  a +0 club
(7, -15, D:1)
  21 poisoned needles
(7, 8, D:1)
  a +0 hunting sling
(13, -25, D:1)
  a stone
(14, -31, D:1)
  a +0 whip
(27, -26, D:1)
  a +0 leather armour
(42, -31, D:1)
  a +0 large shield
(48, 5, D:1)
  a +0 dagger
(48, 8, D:1)
  a +0 spear
(49, -33, D:1)
  a +0 hand axe
(51, -35, D:1)
  a +0 mace
(51, -33, D:1)
  a +0 falchion
(58, 10, D:1)
  16 poisoned needles

Level 2 of the Dungeon
(0, 0, D:2)
  a stone
(0, 1, D:2)
  a stone
(1, 1, D:2)
  a stone
(5, 1, D:2)
  a kobold corpse
(15, -28, D:2)
  a +0 dagger
(15, -21, D:2)
  20 stones
(17, -19, D:2)
  a stone
(18, -34, D:2)
  a +0 ring mail
(18, -18, D:2)
  a stone
(19, -29, D:2)
  a +0 spear
(19, -19, D:2)
  10 stones
(20, -16, D:2)
  a stone
(20, -14, D:2)
  a +0 dagger
(21, -21, D:2)
  a +0 club
(21, -15, D:2)
  a stone
(22, -14, D:2)
  a stone
(30, -37, D:2)
  21 stones
(30, -1, D:2)
  a +0 rapier
(31, -2, D:2)
  a +0 spear
(33, -33, D:2)
  15 stones
(34, 2, D:2)
  a +0 leather armour
(40, -9, D:2)
  a +0 robe
(48, -30, D:2)
  a +0 ring mail

Level 3 of the Dungeon
(0, 0, D:3)
  3 gold pieces
(4, 7, D:3)
  12 stones
(5, 8, D:3)
  a scroll of identify

