im bad at dcss

Level 1 of the Dungeon
(10, -11, D:1)
  20 stones
(12, -3, D:1)
  a +0 leather armour
(13, -1, D:1)
  a +0 whip
(13, 2, D:1)
  a +0 club
(14, 2, D:1)
  18 stones
(26, -2, D:1)
  14 stones

Level 2 of the Dungeon
(0, 0, D:2)
  a +0 spear
(0, 3, D:2)
  a +0 ring mail
(21, 5, D:2)
  a +0 dagger
(22, 23, D:2)
  a +0 robe
(24, 17, D:2)
  20 poisoned needles
(31, 16, D:2)
  18 stones
(35, 39, D:2)
  26 stones

Level 3 of the Dungeon
(5, 37, D:3)
  a +0 robe
(7, 23, D:3)
  a +0 leather armour
(10, 3, D:3)
  15 stones
(13, 3, D:3)
  a +0 robe
(17, 20, D:3)
  15 sling bullets
(19, 13, D:3)
  3 stones
(19, 16, D:3)
  a +0 short sword
(24, 18, D:3)
  25 arrows
(26, 38, D:3)
  19 stones
(36, 6, D:3)
  25 stones
(38, 20, D:3)
  a +0 ring mail
(40, 20, D:3)
  a +0 hunting sling
  a +0 leather armour
(41, -1, D:3)
  25 stones
(44, 39, D:3)
  18 stones
(45, 4, D:3)
  a +0 dagger
  a +0 chain mail

Level 4 of the Dungeon
(0, 0, D:4)
  a cursed -3 ring of intelligence
(10, 1, D:4)
  20 arrows

