david

Level 1 of the Dungeon
(0, 0, D:1)
  a +0 ring mail
(0, 4, D:1)
  a +0 club
(3, 14, D:1)
  a +0 club
(6, 1, D:1)
  4 stones
(6, 13, D:1)
  a +0 club
(6, 17, D:1)
  13 poisoned needles
(6, 19, D:1)
  25 arrows
(7, -14, D:1)
  a +0 club
(7, -8, D:1)
  a +0 leather armour
(11, 9, D:1)
  21 sling bullets
(12, -2, D:1)
  a stone
(14, -7, D:1)
  a +0 whip
(16, -7, D:1)
  a stone
(17, -7, D:1)
  a +0 whip
(17, 39, D:1)
  a scroll of noise
(21, -7, D:1)
  a stone
(30, -2, D:1)
  a +0 robe
(35, -3, D:1)
  17 stones
(39, -7, D:1)
  a +0 helmet
(40, 32, D:1)
  2 tomahawks
(44, -4, D:1)
  5 stones

Level 2 of the Dungeon
(0, 0, D:2)
  a -1 leather armour
(2, 12, D:2)
  a +0 leather armour
(5, -1, D:2)
  8 javelins
(9, 44, D:2)
  a +0 plate armour of poison resistance
(10, 26, D:2)
  a cursed -2 club
(11, 19, D:2)
  4 stones
(15, 20, D:2)
  6 bolts
(16, 20, D:2)
  a cursed -2 club
(18, 19, D:2)
  a stone
(24, 9, D:2)
  20 sling bullets
(24, 29, D:2)
  a +0 club
(30, 29, D:2)
  a +0 helmet
  a +0 animal skin
(32, 28, D:2)
  a +0 club
  a +0 dagger
(34, 28, D:2)
  a +0 dagger
(36, 15, D:2)
  3 stones

Level 3 of the Dungeon
(0, 0, D:3)
  a +0 dagger
  a +0 hunting sling
  16 stones
(9, -15, D:3)
  a bat corpse (skeletalised by now)
(10, -23, D:3)
  a +0 short sword
(21, -59, D:3)
  a potion of might
(28, -44, D:3)
  a +0 club
  21 sling bullets
(32, -59, D:3)
  2 stones
(33, -57, D:3)
  a stone
(33, 0, D:3)
  4 large rocks
(34, -22, D:3)
  a +0 dagger
(36, -34, D:3)
  a +0 club
(36, -12, D:3)
  a +0 leather armour
  a +0 dagger
  a +0 blowgun
  2 poisoned needles
(36, -11, D:3)
  a +0 leather armour
(38, -12, D:3)
  a +0 short sword of protection
  a +0 club
(38, -11, D:3)
  3 poisoned needles
(38, -10, D:3)
  a cursed +0 leather armour
(39, -10, D:3)
  5 poisoned needles
(41, -15, D:3)
  a +0 whip
(41, -14, D:3)
  a +0 leather armour
(42, -34, D:3)
  a +0 ring mail
(42, -10, D:3)
  a +0 leather armour
(42, -9, D:3)
  a +0 club
(43, -13, D:3)
  2 stones
(46, -3, D:3)
  20 bolts

