ok

Level 1 of the Dungeon
(0, 0, D:1)
  16 stones
(4, -25, D:1)
  13 stones
(5, -4, D:1)
  a +0 leather armour
(8, 10, D:1)
  23 stones
(9, -29, D:1)
  a +0 whip
(11, -6, D:1)
  23 arrows
(14, -24, D:1)
  a stone
(27, -6, D:1)
  a +0 short sword
(29, -14, D:1)
  a +0 club
(29, -5, D:1)
  a +0 dagger
(31, -2, D:1)
  a stone
(35, -3, D:1)
  a +0 short sword
(45, -6, D:1)
  a +0 robe
(50, -5, D:1)
  a +0 chain mail

Level 2 of the Dungeon
(0, 0, D:2)
  a +0 leather armour
(1, 5, D:2)
  18 bolts
(1, 12, D:2)
  15 poisoned needles
(6, 34, D:2)
  a +0 scale mail
(7, -3, D:2)
  a goblin corpse
(8, 30, D:2)
  a +0 dagger
(11, 14, D:2)
  23 bolts
(12, 35, D:2)
  a +0 club
(13, 3, D:2)
  23 stones
(15, 17, D:2)
  13 stones
(16, 1, D:2)
  a goblin corpse
(18, 8, D:2)
  a rat corpse
(19, 12, D:2)
  a +0 spear
(22, 2, D:2)
  a cursed +0 robe
(27, 10, D:2)
  a +0 whip
(35, 3, D:2)
  a +0 club

