im bad at dcss

Level 1 of the Dungeon
(0, 0, D:1)
  a cursed -2 club
(2, 1, D:1)
  a +0 club
(7, 11, D:1)
  a stone
(11, -9, D:1)
  10 stones
(21, 11, D:1)
  a cursed +0 dagger
(25, -5, D:1)
  a +0 club
(43, -13, D:1)
  3 stones
  a +0 club
(43, 8, D:1)
  a +0 leather armour
(48, -18, D:1)
  15 stones
(48, -11, D:1)
  19 stones

Level 2 of the Dungeon
(0, 0, D:2)
  19 sling bullets
(18, 29, D:2)
  a +0 club
(18, 37, D:2)
  23 stones
(19, 6, D:2)
  11 stones
(23, 14, D:2)
  18 stones
(25, 19, D:2)
  15 sling bullets
(27, -21, D:2)
  a +0 dagger
  a +0 animal skin
(32, 12, D:2)
  a +0 hunting sling
(34, 12, D:2)
  a +0 club
(35, -14, D:2)
  a +0 club
(37, 19, D:2)
  a +0 chain mail
(56, 5, D:2)
  a throwing net
(58, -1, D:2)
  21 stones

Level 3 of the Dungeon
(0, 0, D:3)
  a cursed -3 whip
(1, 30, D:3)
  a +0 hand axe
(2, -9, D:3)
  22 stones
  a +0 club
(2, 22, D:3)
  a +0 flail
(3, -7, D:3)
  a +0 whip
(16, 21, D:3)
  9 stones
(18, -9, D:3)
  a +0 dagger
(24, -2, D:3)
  a +0 club
(25, -10, D:3)
  19 stones
(25, 21, D:3)
  a +0 club
(27, 21, D:3)
  19 sling bullets
(34, 21, D:3)
  a +0 short sword
  a +0 morningstar
(39, 1, D:3)
  a +0 leather armour
(40, 3, D:3)
  a +0 morningstar
(41, 6, D:3)
  a +0 falchion
(47, -13, D:3)
  14 stones
(54, -13, D:3)
  13 bolts
(55, -11, D:3)
  34 sling bullets

Level 4 of the Dungeon
(0, 0, D:4)
  a cursed +0 ring mail
(7, -7, D:4)
  11 gold pieces
(22, 14, D:4)
  a +0 ring mail
(25, 6, D:4)
  a +0 leather armour
(28, 13, D:4)
  11 arrows
(47, -7, D:4)
  14 stones

