im bad at dcss

Level 1 of the Dungeon
(0, 0, D:1)
  18 stones
(3, 8, D:1)
  10 stones
(5, 5, D:1)
  30 stones
(8, -10, D:1)
  27 arrows
(11, 1, D:1)
  a cursed +0 scale mail
(20, 29, D:1)
  a +0 robe
(22, 4, D:1)
  20 stones
(27, 4, D:1)
  a +0 short sword
(33, 1, D:1)
  a +0 club
(39, 17, D:1)
  15 arrows
(40, 19, D:1)
  a +0 club
(41, 25, D:1)
  14 stones
(45, 17, D:1)
  19 stones
(48, 3, D:1)
  20 sling bullets
(51, 1, D:1)
  a cursed -1 club
(61, -4, D:1)
  a +0 spear
(65, -1, D:1)
  14 sling bullets

Level 2 of the Dungeon
(0, 0, D:2)
  a +0 club
(1, 1, D:2)
  a hobgoblin skeleton
(5, -13, D:2)
  a stone
(8, -13, D:2)
  a stone
(11, -13, D:2)
  2 stones
(12, -13, D:2)
  a +0 hunting sling
  (unseen)
(14, -13, D:2)
  15 sling bullets
(14, -2, D:2)
  a hobgoblin skeleton
(19, -15, D:2)
  a +0 spear

