david

Level 1 of the Dungeon
(1, 18, D:1)
  26 bolts
(2, 23, D:1)
  a +0 robe
(5, 32, D:1)
  a +0 club
(10, 9, D:1)
  a +0 pair of boots
(16, 10, D:1)
  21 stones
(18, 4, D:1)
  15 sling bullets
(18, 22, D:1)
  a +0 ring mail
(19, -4, D:1)
  a +0 plate armour
(36, 26, D:1)
  5 silver tomahawks

Level 2 of the Dungeon
(0, 0, D:2)
  a +0 hand axe
  a +0 club
(0, 1, D:2)
  10 arrows
(3, -7, D:2)
  14 stones
(3, -4, D:2)
  a +0 club
(3, 1, D:2)
  a +0 short sword
  a +0 flail
(4, -4, D:2)
  a +0 dagger
(4, 1, D:2)
  a +0 club
  a +0 whip
(5, 2, D:2)
  a +0 hand axe (still there?)
  a +0 leather armour (still there?)
(20, -2, D:2)
  a +0 dagger
(30, -13, D:2)
  16 stones
(30, 4, D:2)
  a +0 club
  a +0 hunting sling
  47 stones
(36, -34, D:2)
  a +0 club
(40, -19, D:2)
  a +0 chain mail
(47, -5, D:2)
  a +0 mace

Level 3 of the Dungeon
(1, 19, D:3)
  21 arrows
(8, -5, D:3)
  a +0 club
(21, 19, D:3)
  21 sling bullets
(25, 18, D:3)
  a +0 club
(28, 15, D:3)
  a +0 hand axe
  a +0 leather armour
(29, 15, D:3)
  a +0 trident
  a +0 ring mail
(36, 9, D:3)
  a +0 spear
  a +0 leather armour

Level 4 of the Dungeon
(0, 0, D:4)
  19 stones
(17, 31, D:4)
  an uncursed ring of teleportation
  a -2 spear
(21, 17, D:4)
  16 stones
(28, -22, D:4)
  15 stones
(29, 7, D:4)
  16 bolts
(31, 12, D:4)
  14 sling bullets
(38, -19, D:4)
  22 stones
(50, 0, D:4)
  30 stones
(50, 23, D:4)
  a +1 robe
(72, 21, D:4)
  17 arrows

Level 5 of the Dungeon
(0, 0, D:5)
  a +0 dagger
  a +0 robe
  a +0 dagger
(0, 1, D:5)
  a +0 robe
(1, 4, D:5)
  a +0 falchion
(11, 16, D:5)
  a +0 war axe
(12, -20, D:5)
  26 stones
(16, 11, D:5)
  a +0 club
  a +0 leather armour
(22, 10, D:5)
  a +0 dagger
  a +0 robe
(23, 10, D:5)
  a +0 dagger
  a +0 robe
  a +0 short sword
  a +0 leather armour
(24, 10, D:5)
  a +0 leather armour
  a +0 short sword
(39, 7, D:5)
  17 sling bullets
(48, -12, D:5)
  a +0 whip
  a +0 club
  a +1 spear of venom
  a +0 scale mail
(49, -12, D:5)
  a +0 spear
(50, -12, D:5)
  a +0 hand axe

Level 6 of the Dungeon
(0, 27, D:6)
  a +0 leather armour
(6, 5, D:6)
  a +0 falchion
(17, 23, D:6)
  a +0 flail
(18, 22, D:6)
  a +0 hand axe
  a +0 plate armour
(18, 23, D:6)
  a +0 mace
  a +0 scale mail
(27, 44, D:6)
  23 stones
(39, 32, D:6)
  20 stones
(42, 35, D:6)
  16 arrows

Level 7 of the Dungeon
(0, 0, D:7)
  a +0 short sword
  (unseen)
(6, -2, D:7)
  14 gold pieces
(8, -3, D:7)
  26 bolts
(9, 7, D:7)
  16 stones
(23, 20, D:7)
  2 javelins

