quit

Level 1 of the Dungeon
(4, 8, D:1)
  9 stones
(4, 10, D:1)
  a frilled lizard corpse (skeletalised by now)
(4, 19, D:1)
  13 poisoned needles
(8, 30, D:1)
  a cursed -2 club
(17, 21, D:1)
  a cursed -3 club
(23, 0, D:1)
  2 stones
(24, 2, D:1)
  a stone
(24, 4, D:1)
  a stone
  a +0 dagger
(25, 7, D:1)
  11 stones
(26, 7, D:1)
  a cursed -2 whip
(26, 14, D:1)
  a cursed +0 club
(26, 17, D:1)
  a +0 club
(27, 38, D:1)
  a +0 dagger
(30, 32, D:1)
  a +0 club
(36, 28, D:1)
  a +0 mace
(37, -9, D:1)
  a stone
(37, -8, D:1)
  a stone
(37, -4, D:1)
  a +0 short sword

Level 2 of the Dungeon
(0, 0, D:2)
  a +0 dagger
(0, 5, D:2)
  a bat corpse
(0, 24, D:2)
  a cursed -3 club
  a hobgoblin corpse (skeletalised by now)
(7, -4, D:2)
  a +0 club
(8, -16, D:2)
  9 stones
(13, 6, D:2)
  16 bolts
(17, 9, D:2)
  10 stones
(18, 5, D:2)
  a frilled lizard corpse
(19, 6, D:2)
  a +0 whip

