im bad at dcss

Level 1 of the Dungeon
(0, 0, D:1)
  a +0 club
(1, -2, D:1)
  10 stones
(7, -44, D:1)
  a +0 club
(19, -10, D:1)
  a stone
(21, -8, D:1)
  2 stones
(24, -7, D:1)
  2 stones
(25, -7, D:1)
  a stone
(28, -8, D:1)
  a stone
(33, -2, D:1)
  a +0 scale mail
(41, -38, D:1)
  a +0 club
(44, -28, D:1)
  a +0 dagger
(44, -20, D:1)
  a stone
(44, -19, D:1)
  a stone
(44, -16, D:1)
  a +0 club
(45, -38, D:1)
  4 large rocks
(45, -22, D:1)
  a stone
(52, -22, D:1)
  a +0 dagger
(52, -12, D:1)
  a +0 whip

Level 2 of the Dungeon
(0, 0, D:2)
  a +0 club
(8, -18, D:2)
  a +0 club
(9, 16, D:2)
  a +0 club
(10, 5, D:2)
  a +0 club
(18, 4, D:2)
  14 arrows
(21, -15, D:2)
  a +0 whip
(25, -17, D:2)
  a +0 dagger
(26, -14, D:2)
  a +0 club
(38, -18, D:2)
  2 stones

Level 3 of the Dungeon
(0, 0, D:3)
  a +0 hand axe
(1, -2, D:3)
  a +0 whip
  a +0 leather armour
(2, -2, D:3)
  a +0 ring mail
(21, -11, D:3)
  4 stones
(24, 21, D:3)
  a +0 club
(26, -27, D:3)
  a +0 dagger
(28, 10, D:3)
  26 stones
(32, -1, D:3)
  a +0 club
(33, 1, D:3)
  a +0 robe
  a +0 scythe
(36, 18, D:3)
  a cursed -2 dagger
(36, 20, D:3)
  a +0 club
(37, -9, D:3)
  a +0 club
(38, 30, D:3)
  a +0 dagger
  a +0 ring mail
(39, 0, D:3)
  a +0 dagger
(41, -3, D:3)
  a +0 club
(42, -15, D:3)
  10 stones
(43, 21, D:3)
  a +0 chain mail
(43, 22, D:3)
  a +0 dagger
  a +0 hand axe
(43, 24, D:3)
  a +0 flail
  a +0 chain mail
(46, -5, D:3)
  a +0 hunting sling
  29 stones
  a +0 club
  a +0 dagger
(46, -4, D:3)
  a +1 dagger of speed
  a +0 animal skin
  a +0 helmet
(49, -24, D:3)
  a stone
(52, -22, D:3)
  3 stones
(54, 2, D:3)
  a +0 club

Level 4 of the Dungeon
(0, 0, D:4)
  8 tomahawks
(2, 15, D:4)
  a +0 robe
(4, 3, D:4)
  a +0 flail
(5, 19, D:4)
  a +0 scale mail
(7, 0, D:4)
  a +0 dagger
(9, 3, D:4)
  a +0 dagger
  a +0 robe
(10, 2, D:4)
  a +0 trident
  a +0 whip
(10, 3, D:4)
  a +0 dagger
  a +0 robe
(10, 28, D:4)
  9 stones
(17, 30, D:4)
  21 bolts
(19, 27, D:4)
  18 stones
(20, 30, D:4)
  a +0 shield
(36, 10, D:4)
  a +0 trident
  a +0 halberd
(36, 19, D:4)
  a +0 dagger
  a +0 robe
(37, 19, D:4)
  a +0 robe
(46, 33, D:4)
  a cursed -2 hand axe
  a +0 war axe
(47, 33, D:4)
  a +0 dagger
  a +0 ring mail
(51, 33, D:4)
  a +0 hand axe
(52, 33, D:4)
  a +0 club

Level 5 of the Dungeon
(0, 0, D:5)
  a +0 short sword
(11, 15, D:5)
  a +0 pair of boots
(25, 7, D:5)
  a +0 spear
(26, 15, D:5)
  a +0 club
(27, 29, D:5)
  a +0 flail
(36, 16, D:5)
  17 stones
(38, 11, D:5)
  a +0 scale mail

Level 6 of the Dungeon
(0, 0, D:6)
  12 stones
(6, -19, D:6)
  a +0 hand axe
(6, 16, D:6)
  a +0 pair of boots
(16, -14, D:6)
  23 arrows
(16, -10, D:6)
  18 arrows
(26, 8, D:6)
  an arrow
(26, 10, D:6)
  a +0 shortbow
  30 arrows
(27, -9, D:6)
  a +0 club
  a +0 leather armour
(27, -4, D:6)
  13 bolts
(33, 2, D:6)
  a +0 leather armour
(44, 19, D:6)
  a +0 shortbow
  20 arrows
(50, 13, D:6)
  3 arrows
(57, 39, D:6)
  a +0 pair of boots
(60, 11, D:6)
  a +0 short sword

Level 7 of the Dungeon
(0, 0, D:7)
  11 gold pieces
(2, 0, D:7)
  a +2 ring of slaying
  13 stones
(3, 0, D:7)
  a +0 rapier
(3, 1, D:7)
  4 gold pieces
(16, -2, D:7)
  a +0 short sword
(17, 1, D:7)
  a +0 hunting sling
(21, -4, D:7)
  a +0 chain mail
(21, -2, D:7)
  an arrow
(21, 0, D:7)
  an arrow
(27, 9, D:7)
  13 gold pieces
(38, -9, D:7)
  an iguana skeleton
(39, -7, D:7)
  a tomahawk of returning
(45, -1, D:7)
  a cursed -2 robe

Level 8 of the Dungeon
(0, 0, D:8)
  13 gold pieces
(1, 0, D:8)
  a scroll of identify
(17, -25, D:8)
  12 gold pieces
(24, -24, D:8)
  a potion of curing
(24, -22, D:8)
  a scroll of identify
(25, -24, D:8)
  a +0 battleaxe
(26, -24, D:8)
  a ration
(26, -19, D:8)
  a ration

the Ecumenical Temple

