ok

Level 1 of the Dungeon
(0, 0, D:1)
  a +0 dagger
(1, 5, D:1)
  a +0 whip
(3, 8, D:1)
  a stone
(4, 6, D:1)
  a +0 dagger
(4, 9, D:1)
  a stone
(6, 22, D:1)
  a bat corpse
(8, 19, D:1)
  14 stones
(13, -8, D:1)
  a +0 club
(17, 16, D:1)
  a +0 club
(20, 13, D:1)
  12 poisoned needles
(27, -12, D:1)
  a rat skeleton
(30, 12, D:1)
  16 sling bullets
(31, 12, D:1)
  13 bolts
(37, -4, D:1)
  a +0 robe
(39, -7, D:1)
  21 stones
(42, 17, D:1)
  a +0 scale mail

Level 2 of the Dungeon
(0, 0, D:2)
  a bat skeleton
(10, -9, D:2)
  an arrow
(14, -2, D:2)
  a +0 scale mail
(17, -2, D:2)
  a goblin skeleton

