david

Level 1 of the Dungeon
(0, 0, D:1)
  a bat corpse
(13, 6, D:1)
  7 stones
(18, -25, D:1)
  10 arrows
(19, 19, D:1)
  a +0 dagger
(19, 21, D:1)
  a +0 club
(22, -6, D:1)
  11 poisoned needles
(22, 38, D:1)
  a +0 dagger
(24, -23, D:1)
  a +0 robe
(25, 30, D:1)
  a goblin corpse (skeletalised by now)
(25, 36, D:1)
  a bat corpse (skeletalised by now)
(30, -12, D:1)
  a +0 club
(31, 24, D:1)
  19 stones
(32, -10, D:1)
  2 javelins of penetration
(33, -20, D:1)
  17 arrows
(35, 31, D:1)
  a +0 leather armour
(38, 22, D:1)
  a stone
(38, 23, D:1)
  a +0 club
  2 stones
  a kobold corpse (skeletalised by now)
(39, 17, D:1)
  a stone
(39, 19, D:1)
  a stone
(39, 22, D:1)
  a frilled lizard corpse (skeletalised by now)
(52, 13, D:1)
  a goblin corpse (skeletalised by now)
(57, 2, D:1)
  a bat corpse (skeletalised by now)

Level 2 of the Dungeon
(0, 0, D:2)
  a ration
(4, 4, D:2)
  a cursed -3 short sword
  a +0 hand axe

