im bad at dcss

Level 1 of the Dungeon
(0, 0, D:1)
  a +0 hand axe
(7, 35, D:1)
  a potion of magic
(15, 14, D:1)
  a +0 dagger
  5 stones
(28, 32, D:1)
  13 stones
(32, 9, D:1)
  a +0 short sword
(32, 10, D:1)
  a +0 club
(33, 9, D:1)
  a +0 club
(34, 38, D:1)
  a +0 hunting sling
(38, 43, D:1)
  a +0 robe
(39, 0, D:1)
  28 arrows
(46, 34, D:1)
  a +0 robe
(47, 28, D:1)
  a +0 leather armour
(47, 43, D:1)
  a +0 club
(48, 31, D:1)
  24 stones
(51, 38, D:1)
  a +0 leather armour
(53, 7, D:1)
  12 arrows
(57, 39, D:1)
  a +0 leather armour

Level 2 of the Dungeon
(0, 0, D:2)
  a +0 ring mail
(2, -9, D:2)
  a +0 mace
(6, -1, D:2)
  13 stones
(7, -5, D:2)
  a +0 whip
(14, -19, D:2)
  a +0 club
(15, 2, D:2)
  a +0 chain mail
(25, -9, D:2)
  a +0 robe
(32, -8, D:2)
  20 stones
(44, 8, D:2)
  a +0 ring mail
(45, -23, D:2)
  a +0 leather armour

Level 3 of the Dungeon
(0, 0, D:3)
  a +0 club
(1, 0, D:3)
  a +0 mace
(4, 1, D:3)
  a +0 club
(10, -8, D:3)
  a cursed -3 mace
(16, 16, D:3)
  a +0 club
  a goblin skeleton
(26, 8, D:3)
  a +0 mace
(32, 8, D:3)
  a +0 dagger
(42, 6, D:3)
  a +0 scale mail

