ok

Level 1 of the Dungeon
(0, 0, D:1)
  a +0 club
(7, -19, D:1)
  a +0 club
(18, -15, D:1)
  a stone
(18, -13, D:1)
  2 stones
(18, -12, D:1)
  a stone
(22, -16, D:1)
  a +0 short sword
(45, -28, D:1)
  a +0 short sword
(54, -41, D:1)
  a +0 club
  a goblin skeleton
(55, -15, D:1)
  9 arrows
(56, -41, D:1)
  a hobgoblin skeleton
(63, -29, D:1)
  a +0 leather armour

Level 2 of the Dungeon
(0, 0, D:2)
  a +0 war axe
(3, -4, D:2)
  a potion of haste
(11, -20, D:2)
  a +0 spear
(11, -11, D:2)
  a ration
(14, -8, D:2)
  14 arrows
(15, -11, D:2)
  a +0 club
(15, -10, D:2)
  a +0 dagger
(15, -5, D:2)
  a +0 club
  (unseen)
(16, -7, D:2)
  a ball python corpse (skeletalised by now)
(16, -5, D:2)
  a +0 dagger
(17, -19, D:2)
  6 gold pieces
(24, -7, D:2)
  a +0 mace
  (unseen)
(25, 3, D:2)
  2 stones
(26, 6, D:2)
  a kobold corpse
(30, 3, D:2)
  22 stones
(31, 4, D:2)
  a potion of cancellation

