am5k

Level 1 of the Dungeon
(0, 0, D:1)
  a +0 ring mail
(2, -27, D:1)
  a +0 dagger
(2, 12, D:1)
  a +0 robe
(3, -14, D:1)
  a +0 mace
(3, -11, D:1)
  12 arrows
(4, -1, D:1)
  18 stones
(8, 3, D:1)
  3 stones
(11, 4, D:1)
  a stone
(18, 18, D:1)
  a +0 pair of boots
(28, -23, D:1)
  25 sling bullets
(30, 7, D:1)
  a +0 club
(30, 19, D:1)
  16 stones
(35, -7, D:1)
  a +0 short sword
  3 stones
(35, 17, D:1)
  a +0 club
(37, 1, D:1)
  a +0 hunting sling
(39, -26, D:1)
  a +0 club

Level 2 of the Dungeon
(5, 11, D:2)
  a +0 mace
(5, 18, D:2)
  23 stones
(8, 21, D:2)
  17 bolts
(9, 7, D:2)
  a +0 club
(15, 14, D:2)
  a +0 leather armour
(24, 21, D:2)
  21 stones
(34, 35, D:2)
  a +0 club
(49, 20, D:2)
  14 stones

Level 3 of the Dungeon
(0, 0, D:3)
  a silver tomahawk
(1, -2, D:3)
  a +0 falchion
  a +0 leather armour
(1, 1, D:3)
  a silver tomahawk
(2, -14, D:3)
  12 stones
(2, -4, D:3)
  2 silver tomahawks
(2, 2, D:3)
  a silver tomahawk
(7, -18, D:3)
  a cursed +0 chain mail
  a +0 dagger
  a +0 dagger
  a +0 club
  a +0 scale mail
(11, 5, D:3)
  a tomahawk
(12, 6, D:3)
  a +0 flail
(14, -17, D:3)
  14 arrows
(15, -25, D:3)
  a +0 club
(18, 5, D:3)
  a tomahawk
(29, -20, D:3)
  a +0 club
(33, -20, D:3)
  a +0 short sword
  a +0 blowgun
  9 poisoned needles
(34, -3, D:3)
  a rat corpse
(36, -26, D:3)
  a +0 leather armour
(38, 0, D:3)
  10 bolts
(40, -27, D:3)
  a +0 club
  a +0 hunting sling
  24 stones
(46, -28, D:3)
  7 needles of confusion

