quit

Level 1 of the Dungeon
(8, 3, D:1)
  a +0 ring mail
(8, 9, D:1)
  a +0 robe
(16, 32, D:1)
  a +0 club
(25, 7, D:1)
  a +0 club
(26, 7, D:1)
  a +0 club
(32, 19, D:1)
  a +0 short sword
(33, 20, D:1)
  a +0 dagger
(40, 40, D:1)
  a +0 dagger
(43, 14, D:1)
  a +0 dagger
(57, -1, D:1)
  a +0 ring mail
(57, 40, D:1)
  18 stones

Level 2 of the Dungeon
(0, 0, D:2)
  22 stones
(9, 23, D:2)
  a +0 dagger
(13, 6, D:2)
  11 stones
(15, -5, D:2)
  a +0 whip
(23, 29, D:2)
  a +0 dagger
(27, -16, D:2)
  a +0 dagger
(27, -13, D:2)
  a +0 whip
(31, 9, D:2)
  a +0 robe
(33, 18, D:2)
  a +0 dagger
(37, 4, D:2)
  10 poisoned needles
(43, -8, D:2)
  a +0 leather armour
(43, 9, D:2)
  24 stones
(46, 27, D:2)
  a +0 dagger
(57, 1, D:2)
  a cursed +0 robe
(59, 1, D:2)
  a stone
(62, 2, D:2)
  a +0 hunting sling
  a +0 club
  21 stones

Level 3 of the Dungeon
(0, 0, D:3)
  a +0 ring mail
(0, 7, D:3)
  a +0 club
(7, 16, D:3)
  a +0 flail
  a +0 ring mail
(20, 16, D:3)
  a +0 hand axe
(20, 17, D:3)
  a +1 centaur barding
(23, 39, D:3)
  a +0 chain mail
(33, 20, D:3)
  15 arrows
(40, 15, D:3)
  a +0 dagger
  a +0 robe
(42, 9, D:3)
  a +0 giant spiked club
(46, 17, D:3)
  8 javelins
(52, 5, D:3)
  a cursed +0 leather armour
(58, 29, D:3)
  a +0 whip
(59, 24, D:3)
  a +0 dagger
  a +0 robe
(60, 24, D:3)
  a +0 dagger
  a +0 ring mail
  a +0 ring mail
(62, 16, D:3)
  a +0 robe

Level 4 of the Dungeon
(0, 0, D:4)
  a +0 shortbow
(5, -1, D:4)
  a +0 leather armour
(13, 15, D:4)
  a +0 ring mail
(19, -24, D:4)
  a potion of ambrosia
(22, 1, D:4)
  9 arrows
(34, -20, D:4)
  a +0 robe
(34, 15, D:4)
  an uncursed staff of fire
(36, 10, D:4)
  a +0 giant club
(50, -16, D:4)
  a +0 ring mail
(53, 6, D:4)
  a +0 short sword

Level 5 of the Dungeon
(0, 0, D:5)
  a +0 hand axe
(5, 9, D:5)
  a +0 spear
  a +0 whip
  a throwing net
  a +1 whip of draining
(6, 9, D:5)
  a +0 club
(9, 3, D:5)
  a +0 dagger
  (unseen)
(10, -12, D:5)
  a +0 spear
  a +0 scale mail
  a +0 club
(12, -28, D:5)
  a +0 whip
(13, -12, D:5)
  a +0 whip of venom
  a +1 dagger of electrocution
  a +0 antimagic quarterstaff
(19, -35, D:5)
  a +0 giant club
(21, 11, D:5)
  22 arrows
(23, 6, D:5)
  a +0 club
(38, -14, D:5)
  a scroll of identify
(46, -41, D:5)
  14 arrows
(46, -36, D:5)
  a tomahawk
(46, -32, D:5)
  a +0 plate armour
(47, -33, D:5)
  25 stones
(49, -40, D:5)
  a +0 flail
  a tomahawk
(51, -27, D:5)
  17 stones

the Ecumenical Temple

