quit

Level 1 of the Dungeon
(0, 0, D:1)
  a +0 whip
(4, 10, D:1)
  a +0 club
(5, 29, D:1)
  a cursed +0 spear
(8, 34, D:1)
  a +0 chain mail
(27, 15, D:1)
  a cursed -2 club
(28, 17, D:1)
  4 javelins
(33, 6, D:1)
  a +0 leather armour
(38, 14, D:1)
  17 stones
(40, 21, D:1)
  a +0 club
(40, 31, D:1)
  a +0 dagger
(43, -1, D:1)
  a +0 dagger
(43, 0, D:1)
  2 stones
(44, 0, D:1)
  2 stones
(44, 1, D:1)
  3 stones
(46, 11, D:1)
  a +2 antimagic dagger
(49, 15, D:1)
  a +0 club

Level 2 of the Dungeon
(0, 0, D:2)
  9 arrows
(1, 3, D:2)
  20 stones
(1, 5, D:2)
  a +0 chain mail
(1, 8, D:2)
  a +0 leather armour
(3, 25, D:2)
  a +0 whip
(4, 4, D:2)
  a +0 war axe
  a hobgoblin corpse (skeletalised by now)
(4, 9, D:2)
  a stone
(4, 22, D:2)
  a +0 robe
  6 tomahawks
(5, 6, D:2)
  a stone
(6, 18, D:2)
  a +0 whip
(22, 3, D:2)
  a +0 helmet
(24, 27, D:2)
  a +0 hunting sling
(24, 42, D:2)
  a +0 club
  a goblin skeleton
(27, 1, D:2)
  a +0 scythe
(28, 37, D:2)
  11 poisoned needles
(34, -1, D:2)
  19 stones
(42, 23, D:2)
  a +0 robe
(51, 37, D:2)
  a +0 leather armour

Level 3 of the Dungeon
(0, 0, D:3)
  a +0 falchion
(7, 1, D:3)
  a +0 leather armour

