im bad at dcss

Level 1 of the Dungeon
(0, 0, D:1)
  6 tomahawks
(5, 23, D:1)
  a +0 robe
(13, 37, D:1)
  a +0 robe
(21, 27, D:1)
  a +0 club
(23, -15, D:1)
  22 arrows
(24, 24, D:1)
  a +0 club
(36, -6, D:1)
  12 poisoned needles
(36, -4, D:1)
  a stone
  a +0 dagger
(37, -5, D:1)
  a +0 club
(37, 20, D:1)
  a +0 whip
(39, -7, D:1)
  a stone
(41, 31, D:1)
  a +0 club
(44, 26, D:1)
  18 stones
(52, -1, D:1)
  a +0 robe
(59, 32, D:1)
  22 stones

Level 2 of the Dungeon
(0, 0, D:2)
  23 stones
(10, 2, D:2)
  a +0 dagger
  a cursed +0 robe
(11, 12, D:2)
  25 stones
(21, 3, D:2)
  a cursed -2 club
(21, 22, D:2)
  a +0 spear
  a +0 dagger
  a +4 scale mail of cold resistance
(30, -1, D:2)
  a +0 ring mail
(41, 26, D:2)
  a +0 dagger
(42, 20, D:2)
  a +0 club

Level 3 of the Dungeon
(0, 0, D:3)
  a +0 club
  3 stones
(3, -57, D:3)
  a +0 club
  a +0 chain mail
(10, -53, D:3)
  a +0 club
(10, -49, D:3)
  a stone
  a +0 club
(10, -48, D:3)
  a stone
(10, -26, D:3)
  a +0 flail
  a +0 ring mail
(10, -5, D:3)
  a +0 dagger
(11, -6, D:3)
  a +0 whip
  a +0 leather armour
  a +0 hand axe
  a +0 leather armour
(13, -8, D:3)
  a +0 hunting sling
  14 stones
(16, -53, D:3)
  22 stones
(17, -49, D:3)
  a +0 club
(20, -34, D:3)
  a +0 whip
  a stone
(22, -15, D:3)
  a +0 chain mail
(36, -35, D:3)
  a ration
(41, 1, D:3)
  a +0 whip
(42, 0, D:3)
  16 poisoned needles
(52, -42, D:3)
  21 poisoned needles
(52, -41, D:3)
  a +0 club
(56, -51, D:3)
  a +0 club
(58, -5, D:3)
  a +0 ring mail

Level 4 of the Dungeon
(0, 0, D:4)
  2 tomahawks
(0, 3, D:4)
  a +0 war axe
  (unseen)
(2, 6, D:4)
  a +0 scale mail
(7, -27, D:4)
  a +0 scale mail
(10, -18, D:4)
  a +0 mace
  an orc skeleton
(10, 14, D:4)
  16 bolts
(13, -18, D:4)
  a cursed -2 mace
(15, -17, D:4)
  a +0 flail
  3 tomahawks
  a +0 whip
  a cursed +0 robe
  a +1 dagger of speed
(15, -15, D:4)
  a tomahawk
(15, -14, D:4)
  a tomahawk
(21, -13, D:4)
  a +0 leather armour
  an orc skeleton
(25, -21, D:4)
  a +0 hand axe

