david

Level 1 of the Dungeon
(13, 9, D:1)
  17 stones
(14, -20, D:1)
  a +0 club
(21, 33, D:1)
  a stone
(25, -22, D:1)
  12 arrows
(25, 33, D:1)
  a stone
(45, 3, D:1)
  15 stones

Level 2 of the Dungeon
(10, 3, D:2)
  a +0 ring mail
(11, -6, D:2)
  a stone
(11, 7, D:2)
  a +0 dagger
(12, -7, D:2)
  a stone
(21, 2, D:2)
  a +0 club
(21, 24, D:2)
  a +0 mace
(22, 24, D:2)
  a +0 short sword
(22, 35, D:2)
  a cursed -3 flail
(23, 36, D:2)
  a +0 club
(26, 27, D:2)
  21 arrows
(32, 31, D:2)
  7 tomahawks
(35, 21, D:2)
  15 bolts
(38, -5, D:2)
  a +0 club
(41, 21, D:2)
  a +0 robe
(43, -3, D:2)
  a +0 dagger
(48, -11, D:2)
  a +0 ring mail

Level 3 of the Dungeon
(9, -2, D:3)
  a +0 ring mail
(18, -40, D:3)
  a +0 leather armour
(23, -20, D:3)
  17 poisoned needles
(24, -32, D:3)
  a +0 scale mail
(25, -34, D:3)
  a +0 hunting sling
(26, -28, D:3)
  a +0 club
  a cursed -1 club
(26, -27, D:3)
  a cursed -1 club
(27, -26, D:3)
  a +0 mace
  a +0 leather armour
(28, -40, D:3)
  a +0 whip
(28, -38, D:3)
  a +0 whip
(30, -26, D:3)
  16 arrows
(34, -33, D:3)
  5 stones
(35, -3, D:3)
  22 stones
(36, -41, D:3)
  a +0 club
  a +0 leather armour
  a +0 whip
(36, -22, D:3)
  a +2 quarterstaff of chaos
  a +0 cloak
(37, -41, D:3)
  a +0 dagger
  a +0 robe
  a +0 dagger
  a +0 leather armour
  a +0 dagger
(37, -25, D:3)
  a +0 mace
(38, -41, D:3)
  a +0 dagger
(38, -35, D:3)
  a +0 leather armour
  a +0 falchion
(54, -19, D:3)
  a +0 dagger

Level 4 of the Dungeon
(0, 0, D:4)
  a +0 short sword
(3, -13, D:4)
  24 arrows
(11, -37, D:4)
  a +0 robe
(14, -12, D:4)
  a +0 leather armour
(14, -9, D:4)
  a +0 short sword
  a tomahawk
(17, -9, D:4)
  a tomahawk
(23, -15, D:4)
  a +0 whip
  a +0 club
(29, -31, D:4)
  12 stones
(41, -30, D:4)
  a +0 flail

Level 5 of the Dungeon
(0, 0, D:5)
  a +0 dagger
  a +0 robe
(0, 3, D:5)
  a +2 vampiric long sword
(1, 0, D:5)
  a +0 whip
  a cursed +0 chain mail
(2, 0, D:5)
  a +0 dagger
  a +0 robe
(13, -12, D:5)
  11 bolts
(17, -4, D:5)
  13 stones
(20, -25, D:5)
  a cursed -2 hand axe
(29, 15, D:5)
  22 stones
(30, 15, D:5)
  a cursed +0 plate armour
(31, 19, D:5)
  a +0 robe
(39, 3, D:5)
  a +0 club
(41, -19, D:5)
  a +0 short sword
  a +0 mace
(41, -17, D:5)
  a cursed -1 short sword
(41, -10, D:5)
  a +0 flail
(42, 18, D:5)
  a +0 shortbow
  22 arrows
(46, -28, D:5)
  a +0 morningstar
  a +0 leather armour
(46, 18, D:5)
  an arrow
(47, 10, D:5)
  an arrow
(48, 11, D:5)
  an arrow
(48, 13, D:5)
  a +0 shortbow
  20 arrows
(48, 18, D:5)
  2 arrows
(49, -3, D:5)
  2 arrows
(49, -2, D:5)
  an arrow
(50, -2, D:5)
  an arrow
(52, -1, D:5)
  an arrow
(53, -1, D:5)
  an arrow
(54, -1, D:5)
  an arrow
(56, 0, D:5)
  a +0 shortbow
  18 arrows
(56, 2, D:5)
  a +0 robe

Level 6 of the Dungeon
(0, 0, D:6)
  a necrophage corpse (skeletalised by now)
(6, 6, D:6)
  a +0 club
(16, -28, D:6)
  23 stones
(16, 4, D:6)
  a +0 leather armour
(18, -50, D:6)
  a +0 short sword
(18, -33, D:6)
  a +0 robe
(35, -8, D:6)
  27 stones
(38, -36, D:6)
  a +0 scale mail
(38, -18, D:6)
  22 bolts
(40, -43, D:6)
  a +0 giant club
(41, -47, D:6)
  a +0 hand axe
(51, -33, D:6)
  16 bolts

Level 7 of the Dungeon
[Shop] Kaynuqex's Weapon Shoppe
  a +0 battleaxe of flaming (178 gold)
  a +1 mace of crushing (149 gold)
  a +0 spear (39 gold)
  the +6 falchion of Action {freeze, rC+ Int+2} (696 gold)
    It has been specially enchanted to freeze those struck by it, causing extra
    injury to most foes and up to half again as much damage against particularly
    susceptible opponents. It can also slow down cold-blooded creatures.
    
    It affects your intelligence (+2).
    It protects you from cold.
  a +0 quarterstaff (52 gold)
  a +0 club (13 gold)
  a +1 glaive of venom (192 gold)
  a +7 giant club (503 gold)
  a +0 trident (45 gold)
  a +0 hand axe (39 gold)
  a +1 shortbow of flaming (161 gold)
  a +0 hand crossbow (45 gold)
(0, 0, D:7)
  2 stones
(3, 1, D:7)
  a stone
(12, -18, D:7)
  a +0 giant spiked club
(14, -19, D:7)
  20 stones
(14, 15, D:7)
  a +0 mace
  19 stones
(18, -23, D:7)
  a +0 giant spiked club
(19, -8, D:7)
  21 arrows
(21, 6, D:7)
  a stone
(22, -1, D:7)
  a +0 club
(24, 20, D:7)
  12 stones
(25, -7, D:7)
  a +0 dagger
  a cursed +0 robe
(26, 24, D:7)
  a cursed +0 dagger
  a +0 robe
(35, -18, D:7)
  a +0 shortbow
  17 arrows
(36, -16, D:7)
  an arrow
(37, -14, D:7)
  2 arrows
(50, 23, D:7)
  a +0 leather armour

the Ecumenical Temple

