innerpeace

Level 1 of the Dungeon
(0, 0, D:1)
  a +0 dagger
(5, -8, D:1)
  21 stones
(10, 13, D:1)
  a +0 ring mail
(12, -11, D:1)
  a rat corpse (skeletalised by now)
(13, -4, D:1)
  a rat skeleton
(15, -22, D:1)
  a +0 leather armour
(15, 22, D:1)
  a stone
(15, 25, D:1)
  a +0 dagger
  9 stones
  a kobold corpse (skeletalised by now)
(16, 23, D:1)
  a stone
(20, -9, D:1)
  22 stones
(20, 21, D:1)
  a stone
(22, 1, D:1)
  7 sling bullets
(22, 19, D:1)
  2 stones
  a rat corpse (skeletalised by now)
(24, 20, D:1)
  a stone
(31, 19, D:1)
  22 arrows
(36, -10, D:1)
  a +0 club
(39, -22, D:1)
  a cursed -2 dagger
(42, -21, D:1)
  2 chunks of flesh
(42, 0, D:1)
  a +0 club
(45, -3, D:1)
  a +0 club
  a hobgoblin corpse
(48, 3, D:1)
  10 stones
(49, -22, D:1)
  21 stones
(49, -10, D:1)
  a +0 ring mail
(56, -8, D:1)
  a frilled lizard corpse

