ok

Level 1 of the Dungeon
(0, 0, D:1)
  a stone
(5, 0, D:1)
  a +0 club
(9, 8, D:1)
  a stone
(9, 9, D:1)
  a stone
(9, 11, D:1)
  a +0 dagger
  a stone
(9, 12, D:1)
  22 stones
(10, 8, D:1)
  a +0 mace
(11, 13, D:1)
  a +0 robe
(15, 13, D:1)
  15 poisoned needles
(23, 13, D:1)
  a +0 dagger
(24, 28, D:1)
  a +0 hunting sling
(24, 30, D:1)
  a +0 dagger
(24, 50, D:1)
  a +0 chain mail
(28, 12, D:1)
  a +0 club
  a +0 dagger
  2 stones
(29, 4, D:1)
  20 stones
(32, 36, D:1)
  a +0 dagger
(33, 7, D:1)
  26 stones
(39, 8, D:1)
  21 stones
(43, -2, D:1)
  9 stones
(44, -2, D:1)
  a +0 club
(45, 28, D:1)
  a +0 scale mail
(53, 51, D:1)
  15 poisoned needles
(54, 32, D:1)
  a +0 ring mail
(59, 48, D:1)
  23 stones
(61, 52, D:1)
  31 stones
(63, 44, D:1)
  2 stones
(64, 41, D:1)
  a stone

Level 2 of the Dungeon
(0, 0, D:2)
  14 stones
(6, -50, D:2)
  a +0 whip
(8, -6, D:2)
  a +0 scythe
  a +0 robe
(13, -28, D:2)
  2 stones
(13, -11, D:2)
  a +0 ring mail
(14, -44, D:2)
  a +0 short sword
(16, -54, D:2)
  19 bolts
(16, -28, D:2)
  a +0 scale mail
(17, -35, D:2)
  a stone
(17, -19, D:2)
  a stone
(17, -18, D:2)
  a stone
(17, -16, D:2)
  a +0 mace
  a +0 whip
  a stone
(19, -35, D:2)
  a +0 club
  2 stones
(35, -17, D:2)
  a +0 club
(40, -26, D:2)
  a +0 dagger
(41, -38, D:2)
  a +0 club
(45, -13, D:2)
  18 stones

Level 3 of the Dungeon
(0, 0, D:3)
  a +0 dagger
(0, 4, D:3)
  a +0 spear
(0, 6, D:3)
  a +0 flail
(7, 20, D:3)
  2 stones
(7, 22, D:3)
  a +0 dagger
  a +0 club
  18 stones
  a +0 dagger
(8, 22, D:3)
  a cursed +0 club
(9, 22, D:3)
  2 stones
(12, 23, D:3)
  a stone
(13, 22, D:3)
  3 stones
(13, 23, D:3)
  3 stones
(17, 6, D:3)
  a cursed -3 club
(20, 18, D:3)
  a +0 club
(25, -6, D:3)
  a +0 plate armour
(27, -5, D:3)
  a +0 flail
(32, 4, D:3)
  20 bolts
(33, 21, D:3)
  14 stones
(44, 9, D:3)
  a +0 short sword
  a stone
(47, 5, D:3)
  a stone
(60, 7, D:3)
  11 poisoned needles
(62, 30, D:3)
  a +0 club

Level 4 of the Dungeon
(0, 0, D:4)
  26 stones
(3, 18, D:4)
  a +0 hand axe
  a +0 leather armour
(5, 20, D:4)
  a +0 chain mail
(5, 21, D:4)
  a +0 spear
(7, 23, D:4)
  a +0 war axe
  a +0 scale mail
(18, -4, D:4)
  25 sling bullets
(41, -8, D:4)
  a cursed +0 leather armour
(42, 0, D:4)
  a +0 giant club

Level 5 of the Dungeon
(0, 0, D:5)
  22 sling bullets
(3, 8, D:5)
  16 bolts
(8, 23, D:5)
  a +0 ring mail
(12, 3, D:5)
  18 stones
(13, -2, D:5)
  a +0 rapier
(15, 29, D:5)
  20 stones
(22, 31, D:5)
  13 stones
(28, 23, D:5)
  a +0 giant club
(29, 8, D:5)
  15 stones
(30, 35, D:5)
  a +0 club
(39, 30, D:5)
  a cursed -3 spear
(40, 10, D:5)
  a cursed -3 dagger
  a +0 mace
  a cursed +0 mace
  a +0 leather armour

Level 6 of the Dungeon
[Shop] Adoothruo's Food Shoppe
  a ration (70 gold)
  a ration (70 gold)
  a ration (70 gold)
  a ration (70 gold)
  a ration (70 gold)
  a ration (70 gold)
  a ration (70 gold)
  a ration (70 gold)
  a ration (70 gold)
  a ration (70 gold)
(0, 0, D:6)
  14 poisoned needles
(3, -10, D:6)
  a +3 spear
  a +0 robe
(8, -10, D:6)
  a +1 battleaxe
  a +0 robe
(12, -8, D:6)
  a +0 whip
(13, -7, D:6)
  a +0 spear
  a gnoll skeleton
(14, -6, D:6)
  a +3 dire flail
  a +0 robe
(16, -6, D:6)
  a cursed +0 falchion
  a +0 robe
(25, 26, D:6)
  a potion of brilliance
(28, -6, D:6)
  18 sling bullets
(34, 14, D:6)
  a scroll of identify

