quit

Level 1 of the Dungeon
(0, 0, D:1)
  a +0 whip
(10, 34, D:1)
  a +0 hunting sling
(22, 15, D:1)
  a +0 club
(27, 0, D:1)
  a +0 scale mail
(33, 3, D:1)
  a +0 helmet
(37, 2, D:1)
  a +0 leather armour
(38, 30, D:1)
  a +0 short sword

Level 2 of the Dungeon
(0, 0, D:2)
  a +0 short sword
  a kobold corpse
(1, -39, D:2)
  a sling bullet (still there?)
  a +2 vampiric hand axe (still there?)
(1, -35, D:2)
  2 sling bullets (still there?)
  a sling bullet (still there?)
(1, -33, D:2)
  a worm corpse
(1, -23, D:2)
  17 arrows
(3, -10, D:2)
  a +0 ring mail
(4, -13, D:2)
  a frilled lizard corpse
(5, -37, D:2)
  a sling bullet
  a dart slug corpse
(6, -3, D:2)
  a +0 large shield
(8, -17, D:2)
  a goblin corpse
(9, -15, D:2)
  a +0 club
(12, -37, D:2)
  a sling bullet

