im bad at dcss

Level 1 of the Dungeon
(0, 0, D:1)
  a +0 club
(6, -2, D:1)
  16 poisoned needles
(17, 18, D:1)
  a +0 club
(18, 7, D:1)
  13 bolts
(18, 15, D:1)
  a +0 club
  a +0 club
(26, 25, D:1)
  a +0 whip
(28, -12, D:1)
  a +1 antimagic dagger
(33, 27, D:1)
  a +0 club
(36, 12, D:1)
  30 bolts
(37, -3, D:1)
  21 stones
(38, 27, D:1)
  6 javelins

Level 2 of the Dungeon
(0, 0, D:2)
  a +0 club
(0, 1, D:2)
  a +0 leather armour
(0, 13, D:2)
  a stone
(6, 12, D:2)
  a +5 club
(17, 6, D:2)
  a +0 whip
(21, 0, D:2)
  a +0 short sword
(23, -1, D:2)
  a +0 leather armour
(24, 21, D:2)
  a +0 club
  a +0 hunting sling
  20 stones
(29, -7, D:2)
  a +2 quarterstaff of chaos
(29, 20, D:2)
  a +0 club
(31, 11, D:2)
  a +0 short sword
(32, -6, D:2)
  a +0 mace
(36, 17, D:2)
  a +0 club
(38, 33, D:2)
  a +0 short sword
  a +0 animal skin
(41, 24, D:2)
  a +0 club
  a +0 club
(41, 27, D:2)
  a +0 club
(41, 29, D:2)
  a +0 dagger

Level 3 of the Dungeon
(1, 28, D:3)
  a +0 leather armour
(3, 38, D:3)
  a frilled lizard corpse
(3, 39, D:3)
  a +0 spear
(5, 3, D:3)
  a +0 club
(9, 21, D:3)
  13 sling bullets
(11, 13, D:3)
  a +0 club
(13, 31, D:3)
  a +0 ring mail
(14, 15, D:3)
  a +0 club
  a +0 flail
  a +0 spear
(15, 16, D:3)
  a +0 spear
(15, 17, D:3)
  a +0 dagger
(16, 5, D:3)
  a +0 robe
(16, 34, D:3)
  a quokka skeleton
(18, 25, D:3)
  7 sling bullets
(22, 16, D:3)
  a +0 dagger
(24, 34, D:3)
  10 stones
(28, 5, D:3)
  a +0 dagger of draining
  4 stones
(34, 13, D:3)
  a +0 whip
(35, 28, D:3)
  12 stones
(38, 38, D:3)
  a +0 club
  a cursed +0 ring mail

