innerpeace

Level 1 of the Dungeon
(0, 0, D:1)
  21 stones
(1, -15, D:1)
  a +0 robe
(1, 17, D:1)
  10 stones
(10, -12, D:1)
  a +0 leather armour
(12, -7, D:1)
  a +0 dagger
(17, -9, D:1)
  a +0 leather armour
(18, 6, D:1)
  17 stones
(24, 7, D:1)
  a +0 ring mail
(25, 7, D:1)
  a +0 ring mail
(37, 7, D:1)
  a cursed +0 club
(38, 7, D:1)
  a +0 dagger
(40, -21, D:1)
  a +0 dagger
(42, -2, D:1)
  a +0 club
(50, -9, D:1)
  a +0 club
(50, -5, D:1)
  a +0 dagger

Level 2 of the Dungeon
(0, 0, D:2)
  a +0 short sword
(4, 3, D:2)
  a +0 dagger
(12, 5, D:2)
  13 poisoned needles
(20, 2, D:2)
  a +0 club
(27, -4, D:2)
  a +0 dagger
  a +0 animal skin
(33, 14, D:2)
  a +0 dagger
(36, -4, D:2)
  a +0 club
(36, 20, D:2)
  a scroll of random uselessness
(39, -8, D:2)
  26 stones

