quit

Level 1 of the Dungeon
(0, 0, D:1)
  19 sling bullets
(0, 2, D:1)
  a +0 dagger
(1, 0, D:1)
  a +0 dagger
  a stone
(1, 14, D:1)
  a +0 dagger
(2, 3, D:1)
  2 stones
(3, 10, D:1)
  24 stones
(5, 13, D:1)
  a +0 dagger
(7, -19, D:1)
  20 bolts
(8, 12, D:1)
  17 arrows
(9, -10, D:1)
  25 stones
(13, -14, D:1)
  a +0 ring mail
(15, 7, D:1)
  a +0 club
(19, 19, D:1)
  a +0 robe
(28, -22, D:1)
  a +0 dagger
(37, -21, D:1)
  a +0 dagger
(41, 17, D:1)
  a +0 club
(42, -5, D:1)
  18 arrows
(51, -22, D:1)
  a stone
(54, -15, D:1)
  a cursed +0 dagger
(54, -12, D:1)
  a +0 club
(57, -14, D:1)
  a +0 dagger

Level 2 of the Dungeon
(0, 27, D:2)
  a +0 club
  11 stones
  a +0 scale mail
(3, 47, D:2)
  a +0 robe
(3, 50, D:2)
  a +0 war axe
(7, 44, D:2)
  a +0 club
(13, 27, D:2)
  23 sling bullets
(15, 13, D:2)
  a +0 short sword
(17, 11, D:2)
  a +0 club
  a +0 club
  a +0 animal skin
  a +0 helmet
(17, 13, D:2)
  a +1 dagger of freezing
(18, 11, D:2)
  a +0 club
(19, 10, D:2)
  a +0 club
(19, 11, D:2)
  a +0 club
(19, 12, D:2)
  a cursed -1 whip
  14 stones
  a +0 dagger
(19, 14, D:2)
  a stone
(19, 15, D:2)
  a stone
(19, 16, D:2)
  a stone
(19, 17, D:2)
  a stone
(24, 14, D:2)
  a +0 mace
(27, -10, D:2)
  a +3 scythe of freezing
  a cursed +0 robe
(27, 2, D:2)
  28 sling bullets
(31, 11, D:2)
  a +0 club
(35, 31, D:2)
  a +0 plate armour
(49, 15, D:2)
  a +0 hand axe
(51, 11, D:2)
  a +0 robe
(59, -9, D:2)
  14 sling bullets

Level 3 of the Dungeon
(0, 0, D:3)
  a +0 short sword
(2, 3, D:3)
  a bat corpse
(9, -17, D:3)
  a jackal corpse
(15, -19, D:3)
  a +0 short sword
  an orc corpse
  a giant cockroach corpse
(28, -28, D:3)
  21 stones
(34, -26, D:3)
  a bat corpse (skeletalised by now)
(35, -25, D:3)
  a stone
(36, -25, D:3)
  a stone
(47, -6, D:3)
  a +0 leather armour
(48, -6, D:3)
  2 tomahawks
(51, -2, D:3)
  a tomahawk
(53, -1, D:3)
  a +0 trident
  a cursed +0 leather armour
(54, -1, D:3)
  a +0 club
  a +0 hand axe
  a +0 whip
(55, -18, D:3)
  a +0 flail
(56, -1, D:3)
  13 arrows
(59, -23, D:3)
  a +0 dagger
(62, -12, D:3)
  a +0 leather armour

Level 5 of the Dungeon
(0, 0, D:5)
  a +0 flail
  an orc corpse
(12, -3, D:5)
  a +0 leather armour

