im bad at dcss

Level 1 of the Dungeon
(0, 0, D:1)
  a +0 dagger
(8, 11, D:1)
  a +0 dagger
(8, 16, D:1)
  a +0 shield
(12, -11, D:1)
  a +0 dagger
(18, 6, D:1)
  a +0 club
(59, 4, D:1)
  15 arrows

Level 2 of the Dungeon
(0, 0, D:2)
  5 stones
(0, 2, D:2)
  a stone
(0, 7, D:2)
  a +0 dagger
  a +0 hunting sling
  17 stones
(13, 20, D:2)
  a +0 short sword
(20, -5, D:2)
  a cursed -3 club
(25, 21, D:2)
  a stone
(43, -3, D:2)
  a stone
(45, -4, D:2)
  a cursed -2 hunting sling
  a +0 short sword
  20 stones
(54, -13, D:2)
  a +0 dagger
(57, 12, D:2)
  a +0 club
(59, 25, D:2)
  11 bolts
(60, 4, D:2)
  a +0 dagger
(61, 28, D:2)
  a +0 club

Level 3 of the Dungeon
(0, 0, D:3)
  a goblin skeleton
(1, -3, D:3)
  a goblin skeleton
(1, 0, D:3)
  a rat skeleton
(2, -2, D:3)
  a rat skeleton
(2, 8, D:3)
  21 sling bullets
(2, 11, D:3)
  a cursed -2 dagger
  a +0 club
(2, 16, D:3)
  a stone
(3, -2, D:3)
  a goblin skeleton
(3, 3, D:3)
  a +0 short sword
  a kobold skeleton
(3, 9, D:3)
  a stone
  a +0 whip
(3, 14, D:3)
  a stone
(3, 15, D:3)
  a stone
(4, 0, D:3)
  a bat skeleton
(4, 9, D:3)
  a +0 club
(4, 10, D:3)
  a +0 short sword
  a cursed +0 whip
(7, -4, D:3)
  8 gold pieces
  (unseen)
(7, 0, D:3)
  a goblin skeleton

