quit

Level 1 of the Dungeon
(0, 0, D:1)
  a +0 club
(4, 10, D:1)
  20 arrows
(6, 34, D:1)
  a +0 club
(7, 2, D:1)
  14 stones
(10, 7, D:1)
  a +0 mace
(10, 31, D:1)
  a cursed -2 dagger
(11, 0, D:1)
  19 stones
(15, 24, D:1)
  a +0 dagger
(18, 34, D:1)
  a +0 dagger
(21, 42, D:1)
  a +0 dagger
(23, 1, D:1)
  a +0 ring mail
(24, -1, D:1)
  a +0 club
(27, 12, D:1)
  a +0 mace
(28, 38, D:1)
  a +0 hand axe
(29, 38, D:1)
  a +0 ring mail
(30, 10, D:1)
  a +0 club
  a +0 club
(30, 29, D:1)
  a +0 club
(37, 17, D:1)
  25 arrows

Level 2 of the Dungeon
(0, 0, D:2)
  a +0 club
(1, -4, D:2)
  a +0 robe
(21, -29, D:2)
  a +0 hunting sling
(39, -38, D:2)
  10 stones
(41, 9, D:2)
  21 stones
(47, -7, D:2)
  a +0 robe
(49, -22, D:2)
  a stone
(49, -21, D:2)
  2 stones

Level 3 of the Dungeon
(0, 0, D:3)
  a potion of brilliance
(11, -40, D:3)
  18 stones
(12, -13, D:3)
  16 arrows
(12, -10, D:3)
  a scroll of remove curse
(12, -9, D:3)
  9 gold pieces
(12, -2, D:3)
  an orc skeleton
(23, -31, D:3)
  12 poisoned needles

