david

Level 1 of the Dungeon
(0, 0, D:1)
  11 poisoned needles
(0, 5, D:1)
  a +0 club
(3, -10, D:1)
  a +0 club
(3, -4, D:1)
  a +0 club
(5, 17, D:1)
  a +0 dagger
(9, 16, D:1)
  a +0 whip
(13, -13, D:1)
  19 bolts
(19, 12, D:1)
  a +0 short sword
(20, 10, D:1)
  a +0 robe
(21, -1, D:1)
  20 sling bullets
(21, 9, D:1)
  a stone
(22, -18, D:1)
  a cursed -3 dagger
  a +0 dagger
(22, 10, D:1)
  a stone
(23, 12, D:1)
  a stone
(46, 4, D:1)
  a +0 club

Level 2 of the Dungeon
(0, 0, D:2)
  27 sling bullets
(4, 16, D:2)
  a +0 club
(6, 25, D:2)
  a +0 chain mail
(9, 32, D:2)
  18 stones
(14, 9, D:2)
  2 stones
(14, 13, D:2)
  a +0 ring mail
(15, 5, D:2)
  a +0 club
  a +0 hunting sling
  12 stones
(27, 18, D:2)
  16 stones
(38, 28, D:2)
  a +0 hand axe
(56, 6, D:2)
  a +0 leather armour
(58, 4, D:2)
  15 poisoned needles

Level 3 of the Dungeon
(0, 0, D:3)
  a +0 chain mail
(1, -42, D:3)
  20 stones
(1, -3, D:3)
  9 arrows
(4, -29, D:3)
  a +0 club
(6, -30, D:3)
  26 arrows
(21, -20, D:3)
  25 stones
(22, -33, D:3)
  a +0 robe
(24, 1, D:3)
  a +0 dagger
(27, -21, D:3)
  a +0 robe
(29, -19, D:3)
  a +0 ring mail
(32, -35, D:3)
  a +0 club
(44, -12, D:3)
  a +0 dagger

Level 4 of the Dungeon
(0, 0, D:4)
  a hound corpse (skeletalised by now)
(0, 1, D:4)
  a +0 giant club
  an ogre corpse (skeletalised by now)
  a frilled lizard corpse (skeletalised by now)
(3, -6, D:4)
  a potion of degeneration
(4, 2, D:4)
  a +0 club
(5, -23, D:4)
  a +0 helmet
(11, -22, D:4)
  a worker ant corpse
(12, -5, D:4)
  a +0 hunting sling
(14, -2, D:4)
  a +0 leather armour
(27, 8, D:4)
  a ball python corpse
(28, -33, D:4)
  4 arrows
(28, -32, D:4)
  an arrow
(28, -31, D:4)
  3 arrows

