innerpeace

Level 1 of the Dungeon
(0, 0, D:1)
  a cursed +0 club
(3, 2, D:1)
  17 stones
(6, 20, D:1)
  11 poisoned needles
(14, 40, D:1)
  a kobold corpse (skeletalised by now)
(25, 23, D:1)
  a +0 club
(37, 9, D:1)
  a rat skeleton
(39, 9, D:1)
  a kobold skeleton
(42, 16, D:1)
  a bat skeleton
(42, 19, D:1)
  3 stones
(43, 23, D:1)
  a +0 dagger
(45, 18, D:1)
  a +0 whip
  a kobold skeleton
(46, 18, D:1)
  a +0 short sword
  a +0 dagger
  26 stones
  a +0 short sword
(49, 6, D:1)
  a +0 dagger

Level 2 of the Dungeon
(0, 0, D:2)
  a +0 ring mail
(2, -3, D:2)
  a +0 short sword
  a stone
(4, 29, D:2)
  a +0 leather armour
(5, -8, D:2)
  a stone
(5, 28, D:2)
  an arrow
(7, 26, D:2)
  an arrow
(9, 26, D:2)
  4 arrows
(10, 25, D:2)
  a frilled lizard corpse
(10, 27, D:2)
  an arrow
(11, 29, D:2)
  a potion of heal wounds

