ok

Level 1 of the Dungeon
(0, 0, D:1)
  19 sling bullets
(3, 3, D:1)
  a +0 dagger
(14, 0, D:1)
  a +0 ring mail
(17, -16, D:1)
  21 arrows
(19, 12, D:1)
  22 stones
(23, 11, D:1)
  a +0 spear
(24, -9, D:1)
  4 tomahawks
(27, 15, D:1)
  3 tomahawks
(32, -7, D:1)
  20 stones
(53, -5, D:1)
  a +0 whip
(57, -6, D:1)
  a stone
(58, 8, D:1)
  a +0 hand axe
(65, 22, D:1)
  a +0 short sword

Level 2 of the Dungeon
(0, 0, D:2)
  a +0 club
(7, 13, D:2)
  a +0 scale mail
(14, 11, D:2)
  a +0 scale mail
(15, -14, D:2)
  a stone
(15, -6, D:2)
  a +0 dagger
(16, -12, D:2)
  a +0 dagger
  18 stones
(18, 24, D:2)
  a +0 club
(25, -1, D:2)
  a +0 dagger
(38, 9, D:2)
  a +0 dagger
(41, 21, D:2)
  a +0 dagger
  a +0 club
(45, 15, D:2)
  a +0 leather armour
(46, 7, D:2)
  a +0 dagger
  a stone
(47, 8, D:2)
  a +0 mace
(49, 6, D:2)
  a +0 club
(50, 11, D:2)
  16 stones
(52, -21, D:2)
  a +0 robe
(72, 7, D:2)
  a +0 robe

Level 3 of the Dungeon
(0, 0, D:3)
  a +0 mace
(2, -9, D:3)
  a +0 club
(7, -1, D:3)
  a +0 club
(9, -2, D:3)
  19 arrows
(12, -1, D:3)
  a +0 hand axe
  a +0 scale mail
(20, 14, D:3)
  a +0 war axe
(24, 15, D:3)
  17 gold pieces
(25, 7, D:3)
  a +0 whip
(43, -10, D:3)
  10 poisoned needles

