quit

Level 1 of the Dungeon
(0, 0, D:1)
  a +0 club
(17, 26, D:1)
  a +0 dagger
(21, -25, D:1)
  a +0 club
(24, 2, D:1)
  4 stones
(26, 6, D:1)
  a +0 club
(28, 17, D:1)
  a +0 club
(38, -4, D:1)
  17 stones
(47, -14, D:1)
  a +0 club

Level 2 of the Dungeon
(0, 0, D:2)
  a +0 leather armour
(8, 35, D:2)
  a cursed -1 club
(11, 43, D:2)
  a +0 club
(40, 30, D:2)
  a +0 club
(41, 29, D:2)
  a +0 club
(42, 9, D:2)
  a +0 spear
(45, 13, D:2)
  a +0 leather armour

Level 3 of the Dungeon
(0, 0, D:3)
  2 arrows
(2, 1, D:3)
  an arrow
(2, 8, D:3)
  an arrow
(3, 0, D:3)
  an arrow
(3, 9, D:3)
  an arrow
(4, 0, D:3)
  a +0 club (still there?)
  an arrow (still there?)
(4, 27, D:3)
  an arrow
(4, 30, D:3)
  an arrow
(4, 34, D:3)
  a +0 flail (still there?)
  an arrow (still there?)
(5, 0, D:3)
  3 arrows
(5, 11, D:3)
  2 arrows
(5, 25, D:3)
  a jackal corpse (skeletalised by now)
(5, 32, D:3)
  a ration
(6, 22, D:3)
  an arrow
(6, 25, D:3)
  a bat corpse (skeletalised by now)
(7, 0, D:3)
  a +0 spear
(7, 22, D:3)
  an arrow
(8, 14, D:3)
  an arrow
  (unseen)
(8, 15, D:3)
  2 arrows
(8, 16, D:3)
  an arrow
(8, 17, D:3)
  an arrow
(8, 20, D:3)
  an arrow
  (unseen)
(9, 3, D:3)
  a +0 short sword
(9, 21, D:3)
  an arrow

