im bad at dcss

Level 1 of the Dungeon
(0, 0, D:1)
  a +0 dagger
(3, -30, D:1)
  a +0 leather armour
(3, -4, D:1)
  a +0 robe
(6, -8, D:1)
  a +0 dagger
(18, -13, D:1)
  a +0 club
(21, -25, D:1)
  a +0 club
(26, -18, D:1)
  21 bolts
(32, -37, D:1)
  a +0 ring mail
(37, -15, D:1)
  a +0 robe
(43, -3, D:1)
  a +0 hunting sling
(59, -26, D:1)
  a +0 club

Level 2 of the Dungeon
(0, 0, D:2)
  7 poisoned tomahawks
(7, -31, D:2)
  21 sling bullets
(15, -11, D:2)
  18 stones
(22, -11, D:2)
  a +0 robe
(42, -17, D:2)
  a +0 flail
(43, -17, D:2)
  a scroll of fog
  (unseen)
(49, -22, D:2)
  a scroll of remove curse
(49, 9, D:2)
  a +0 dagger

