david

Level 1 of the Dungeon
(0, 0, D:1)
  a +0 helmet
(8, -12, D:1)
  a +0 club
(15, -15, D:1)
  a +0 club
(18, 6, D:1)
  a +0 club
(30, -6, D:1)
  a +0 dagger
(34, -17, D:1)
  a +0 leather armour
(51, -21, D:1)
  a giant cockroach corpse
(54, -10, D:1)
  a +0 dagger

Level 2 of the Dungeon
(0, 0, D:2)
  a +3 ring mail
(20, 7, D:2)
  11 gold pieces
(22, 15, D:2)
  a potion of brilliance
(24, 11, D:2)
  3 poisoned needles
(26, 5, D:2)
  a +0 robe
(27, 10, D:2)
  a +0 club
(29, 12, D:2)
  17 stones
(31, 5, D:2)
  21 bolts

